<?xml version="1.0" encoding="UTF-8"?>
<!-- Generated by org.testng.reporters.JUnitXMLReporter -->
<testsuite hostname="TWI-01-004" ignored="0" name="SignUp" tests="4" failures="4" timestamp="06 Jan 2022 14:47:02 GMT" time="56.379" errors="0">
  <testcase name="SignUpPage" time="16.777" classname="tests.SignUpTest">
    <failure type="java.lang.AssertionError" message="expected [true] but found [false]">
      <![CDATA[java.lang.AssertionError: expected [true] but found [false]
at tests.SignUpTest.SignUpPage(SignUpTest.java:28)
... Removed 33 stack frames]]>
    </failure>
  </testcase> <!-- SignUpPage -->
  <testcase name="SignUpPage" time="12.533" classname="tests.SignUpTest">
    <failure type="java.lang.AssertionError" message="expected [true] but found [false]">
      <![CDATA[java.lang.AssertionError: expected [true] but found [false]
at tests.SignUpTest.SignUpPage(SignUpTest.java:28)
... Removed 33 stack frames]]>
    </failure>
  </testcase> <!-- SignUpPage -->
  <testcase name="SignUpPage" time="12.827" classname="tests.SignUpTest">
    <failure type="java.lang.AssertionError" message="expected [true] but found [false]">
      <![CDATA[java.lang.AssertionError: expected [true] but found [false]
at tests.SignUpTest.SignUpPage(SignUpTest.java:28)
... Removed 33 stack frames]]>
    </failure>
  </testcase> <!-- SignUpPage -->
  <testcase name="SignUpPage" time="13.37" classname="tests.SignUpTest">
    <failure type="java.lang.AssertionError" message="expected [true] but found [false]">
      <![CDATA[java.lang.AssertionError: expected [true] but found [false]
at tests.SignUpTest.SignUpPage(SignUpTest.java:28)
... Removed 33 stack frames]]>
    </failure>
  </testcase> <!-- SignUpPage -->
</testsuite> <!-- SignUp -->
