<?xml version="1.0" encoding="UTF-8"?>
<testsuite xmlns:xsi="http://www.w3.org/2001/XMLSchema-instance" xsi:noNamespaceSchemaLocation="https://maven.apache.org/surefire/maven-surefire-plugin/xsd/surefire-test-report-3.0.xsd" version="3.0" name="TestSuite" time="57.146" tests="4" errors="0" skipped="0" failures="4">
  <properties>
[...]
</properties>
  <testcase name="SignUpPage[{Username=Test username, Password=12345678, Description=Happy path, Email=ProperEmail1111@gmail.com}](1)" classname="tests.SignUpTest" time="16.795">
    <failure message="expected [true] but found [false]" type="java.lang.AssertionError"><![CDATA[java.lang.AssertionError: expected [true] but found [false]
	at tests.SignUpTest.SignUpPage(SignUpTest.java:28)
]]></failure>
    <system-out><![CDATA[2022-01-06 15:46:06 INFO  TestBase: BasePage.TestBase :63 - Initializing all elements
SignUpTest
Test starts from row - 1
Total rows are  - 4
Total cols are  - 4
2022-01-06 15:46:06 INFO  TestBase: BasePage.TestBase :140 - Running on Windows Operating System with chrome browser
2022-01-06 15:46:15 INFO  PageBase: pages.PageBase :57 - Executing waitForElementTobeClickable command for the element: [[ChromeDriver: chrome on WINDOWS (9c06b4e6e19d35dbab83b2921609363f)] -> xpath: //button[@id='onetrust-accept-btn-handler']]
2022-01-06 15:46:15 INFO  PageBase: pages.PageBase :60 - Waiting for the element:[[ChromeDriver: chrome on WINDOWS (9c06b4e6e19d35dbab83b2921609363f)] -> xpath: //button[@id='onetrust-accept-btn-handler']] to be clickable
2022-01-06 15:46:15 INFO  PageBase: pages.PageBase :75 - Executing isElementPresent command on the element: [[ChromeDriver: chrome on WINDOWS (9c06b4e6e19d35dbab83b2921609363f)] -> xpath: //button[@id='onetrust-accept-btn-handler']]
2022-01-06 15:46:15 INFO  PageBase: pages.PageBase :94 - Executing CLICK command on the element: [[ChromeDriver: chrome on WINDOWS (9c06b4e6e19d35dbab83b2921609363f)] -> xpath: //button[@id='onetrust-accept-btn-handler']]
2022-01-06 15:46:15 INFO  PageBase: pages.PageBase :75 - Executing isElementPresent command on the element: [[ChromeDriver: chrome on WINDOWS (9c06b4e6e19d35dbab83b2921609363f)] -> xpath: //button[@id='onetrust-accept-btn-handler']]
2022-01-06 15:46:15 INFO  PageBase: pages.PageBase :57 - Executing waitForElementTobeClickable command for the element: [[ChromeDriver: chrome on WINDOWS (9c06b4e6e19d35dbab83b2921609363f)] -> xpath: //button[@id='onetrust-accept-btn-handler']]
2022-01-06 15:46:15 INFO  PageBase: pages.PageBase :60 - Waiting for the element:[[ChromeDriver: chrome on WINDOWS (9c06b4e6e19d35dbab83b2921609363f)] -> xpath: //button[@id='onetrust-accept-btn-handler']] to be clickable
2022-01-06 15:46:15 INFO  PageBase: pages.PageBase :57 - Executing waitForElementTobeClickable command for the element: [[ChromeDriver: chrome on WINDOWS (9c06b4e6e19d35dbab83b2921609363f)] -> xpath: //input[@id='name']]
2022-01-06 15:46:15 INFO  PageBase: pages.PageBase :60 - Waiting for the element:[[ChromeDriver: chrome on WINDOWS (9c06b4e6e19d35dbab83b2921609363f)] -> xpath: //input[@id='name']] to be clickable
2022-01-06 15:46:15 INFO  PageBase: pages.PageBase :75 - Executing isElementPresent command on the element: [[ChromeDriver: chrome on WINDOWS (9c06b4e6e19d35dbab83b2921609363f)] -> xpath: //input[@id='name']]
2022-01-06 15:46:15 INFO  PageBase: pages.PageBase :44 - Executing INPUT text command for the element:[[ChromeDriver: chrome on WINDOWS (9c06b4e6e19d35dbab83b2921609363f)] -> xpath: //input[@id='name']] with value: Test username
2022-01-06 15:46:15 INFO  PageBase: pages.PageBase :57 - Executing waitForElementTobeClickable command for the element: [[ChromeDriver: chrome on WINDOWS (9c06b4e6e19d35dbab83b2921609363f)] -> xpath: //input[@id='name']]
2022-01-06 15:46:15 INFO  PageBase: pages.PageBase :60 - Waiting for the element:[[ChromeDriver: chrome on WINDOWS (9c06b4e6e19d35dbab83b2921609363f)] -> xpath: //input[@id='name']] to be clickable
2022-01-06 15:46:15 INFO  PageBase: pages.PageBase :57 - Executing waitForElementTobeClickable command for the element: [[ChromeDriver: chrome on WINDOWS (9c06b4e6e19d35dbab83b2921609363f)] -> xpath: //input[@id='email']]
2022-01-06 15:46:15 INFO  PageBase: pages.PageBase :60 - Waiting for the element:[[ChromeDriver: chrome on WINDOWS (9c06b4e6e19d35dbab83b2921609363f)] -> xpath: //input[@id='email']] to be clickable
2022-01-06 15:46:16 INFO  PageBase: pages.PageBase :75 - Executing isElementPresent command on the element: [[ChromeDriver: chrome on WINDOWS (9c06b4e6e19d35dbab83b2921609363f)] -> xpath: //input[@id='email']]
2022-01-06 15:46:16 INFO  PageBase: pages.PageBase :44 - Executing INPUT text command for the element:[[ChromeDriver: chrome on WINDOWS (9c06b4e6e19d35dbab83b2921609363f)] -> xpath: //input[@id='email']] with value: ProperEmail1111@gmail.com
2022-01-06 15:46:16 INFO  PageBase: pages.PageBase :57 - Executing waitForElementTobeClickable command for the element: [[ChromeDriver: chrome on WINDOWS (9c06b4e6e19d35dbab83b2921609363f)] -> xpath: //input[@id='email']]
2022-01-06 15:46:16 INFO  PageBase: pages.PageBase :60 - Waiting for the element:[[ChromeDriver: chrome on WINDOWS (9c06b4e6e19d35dbab83b2921609363f)] -> xpath: //input[@id='email']] to be clickable
2022-01-06 15:46:16 INFO  PageBase: pages.PageBase :57 - Executing waitForElementTobeClickable command for the element: [[ChromeDriver: chrome on WINDOWS (9c06b4e6e19d35dbab83b2921609363f)] -> xpath: //input[@id='password']]
2022-01-06 15:46:16 INFO  PageBase: pages.PageBase :60 - Waiting for the element:[[ChromeDriver: chrome on WINDOWS (9c06b4e6e19d35dbab83b2921609363f)] -> xpath: //input[@id='password']] to be clickable
2022-01-06 15:46:16 INFO  PageBase: pages.PageBase :75 - Executing isElementPresent command on the element: [[ChromeDriver: chrome on WINDOWS (9c06b4e6e19d35dbab83b2921609363f)] -> xpath: //input[@id='password']]
2022-01-06 15:46:16 INFO  PageBase: pages.PageBase :44 - Executing INPUT text command for the element:[[ChromeDriver: chrome on WINDOWS (9c06b4e6e19d35dbab83b2921609363f)] -> xpath: //input[@id='password']] with value: 12345678
2022-01-06 15:46:16 INFO  PageBase: pages.PageBase :57 - Executing waitForElementTobeClickable command for the element: [[ChromeDriver: chrome on WINDOWS (9c06b4e6e19d35dbab83b2921609363f)] -> xpath: //input[@id='password']]
2022-01-06 15:46:16 INFO  PageBase: pages.PageBase :60 - Waiting for the element:[[ChromeDriver: chrome on WINDOWS (9c06b4e6e19d35dbab83b2921609363f)] -> xpath: //input[@id='password']] to be clickable
2022-01-06 15:46:16 INFO  PageBase: pages.PageBase :57 - Executing waitForElementTobeClickable command for the element: [[ChromeDriver: chrome on WINDOWS (9c06b4e6e19d35dbab83b2921609363f)] -> xpath: //div[@class='signup__checkbox-wrap']//div[@class='mr-checkbox-1']//span[@class='mr-checkbox-1__wrap']//label[@class='mr-checkbox-1__check']]
2022-01-06 15:46:16 INFO  PageBase: pages.PageBase :60 - Waiting for the element:[[ChromeDriver: chrome on WINDOWS (9c06b4e6e19d35dbab83b2921609363f)] -> xpath: //div[@class='signup__checkbox-wrap']//div[@class='mr-checkbox-1']//span[@class='mr-checkbox-1__wrap']//label[@class='mr-checkbox-1__check']] to be clickable
2022-01-06 15:46:16 INFO  PageBase: pages.PageBase :94 - Executing CLICK command on the element: [[ChromeDriver: chrome on WINDOWS (9c06b4e6e19d35dbab83b2921609363f)] -> xpath: //div[@class='signup__checkbox-wrap']//div[@class='mr-checkbox-1']//span[@class='mr-checkbox-1__wrap']//label[@class='mr-checkbox-1__check']]
2022-01-06 15:46:16 INFO  PageBase: pages.PageBase :75 - Executing isElementPresent command on the element: [[ChromeDriver: chrome on WINDOWS (9c06b4e6e19d35dbab83b2921609363f)] -> xpath: //div[@class='signup__checkbox-wrap']//div[@class='mr-checkbox-1']//span[@class='mr-checkbox-1__wrap']//label[@class='mr-checkbox-1__check']]
2022-01-06 15:46:16 INFO  PageBase: pages.PageBase :57 - Executing waitForElementTobeClickable command for the element: [[ChromeDriver: chrome on WINDOWS (9c06b4e6e19d35dbab83b2921609363f)] -> xpath: //div[@class='signup__checkbox-wrap']//div[@class='mr-checkbox-1']//span[@class='mr-checkbox-1__wrap']//label[@class='mr-checkbox-1__check']]
2022-01-06 15:46:16 INFO  PageBase: pages.PageBase :60 - Waiting for the element:[[ChromeDriver: chrome on WINDOWS (9c06b4e6e19d35dbab83b2921609363f)] -> xpath: //div[@class='signup__checkbox-wrap']//div[@class='mr-checkbox-1']//span[@class='mr-checkbox-1__wrap']//label[@class='mr-checkbox-1__check']] to be clickable
2022-01-06 15:46:16 INFO  PageBase: pages.PageBase :57 - Executing waitForElementTobeClickable command for the element: [[ChromeDriver: chrome on WINDOWS (9c06b4e6e19d35dbab83b2921609363f)] -> xpath: //label[@class='mr-checkbox-1__check ']]
2022-01-06 15:46:16 INFO  PageBase: pages.PageBase :60 - Waiting for the element:[[ChromeDriver: chrome on WINDOWS (9c06b4e6e19d35dbab83b2921609363f)] -> xpath: //label[@class='mr-checkbox-1__check ']] to be clickable
2022-01-06 15:46:16 INFO  PageBase: pages.PageBase :94 - Executing CLICK command on the element: [[ChromeDriver: chrome on WINDOWS (9c06b4e6e19d35dbab83b2921609363f)] -> xpath: //label[@class='mr-checkbox-1__check ']]
2022-01-06 15:46:16 INFO  PageBase: pages.PageBase :75 - Executing isElementPresent command on the element: [[ChromeDriver: chrome on WINDOWS (9c06b4e6e19d35dbab83b2921609363f)] -> xpath: //label[@class='mr-checkbox-1__check ']]
2022-01-06 15:46:16 INFO  PageBase: pages.PageBase :57 - Executing waitForElementTobeClickable command for the element: [[ChromeDriver: chrome on WINDOWS (9c06b4e6e19d35dbab83b2921609363f)] -> xpath: //label[@class='mr-checkbox-1__check ']]
2022-01-06 15:46:16 INFO  PageBase: pages.PageBase :60 - Waiting for the element:[[ChromeDriver: chrome on WINDOWS (9c06b4e6e19d35dbab83b2921609363f)] -> xpath: //label[@class='mr-checkbox-1__check ']] to be clickable
2022-01-06 15:46:16 INFO  PageBase: pages.PageBase :57 - Executing waitForElementTobeClickable command for the element: [[ChromeDriver: chrome on WINDOWS (9c06b4e6e19d35dbab83b2921609363f)] -> xpath: //button[@type='submit']]
2022-01-06 15:46:16 INFO  PageBase: pages.PageBase :60 - Waiting for the element:[[ChromeDriver: chrome on WINDOWS (9c06b4e6e19d35dbab83b2921609363f)] -> xpath: //button[@type='submit']] to be clickable
2022-01-06 15:46:16 INFO  PageBase: pages.PageBase :94 - Executing CLICK command on the element: [[ChromeDriver: chrome on WINDOWS (9c06b4e6e19d35dbab83b2921609363f)] -> xpath: //button[@type='submit']]
2022-01-06 15:46:16 INFO  PageBase: pages.PageBase :75 - Executing isElementPresent command on the element: [[ChromeDriver: chrome on WINDOWS (9c06b4e6e19d35dbab83b2921609363f)] -> xpath: //button[@type='submit']]
2022-01-06 15:46:16 INFO  PageBase: pages.PageBase :57 - Executing waitForElementTobeClickable command for the element: [[ChromeDriver: chrome on WINDOWS (9c06b4e6e19d35dbab83b2921609363f)] -> xpath: //button[@type='submit']]
2022-01-06 15:46:16 INFO  PageBase: pages.PageBase :60 - Waiting for the element:[[ChromeDriver: chrome on WINDOWS (9c06b4e6e19d35dbab83b2921609363f)] -> xpath: //button[@type='submit']] to be clickable
2022-01-06 15:46:19 INFO  PageBase: pages.PageBase :113 - Executing waitForPageToLoad command
2022-01-06 15:46:19 INFO  PageBase: pages.PageBase :114 - Waiting for the page to load completely
2022-01-06 15:46:19 INFO  PageBase: pages.PageBase :120 - Page is loaded completely
2022-01-06 15:46:23 INFO  PageBase: pages.PageBase :75 - Executing isElementPresent command on the element: Proxy element for: DefaultElementLocator 'By.xpath: //input[@id='code']'
]]></system-out>
    <system-err><![CDATA[log4j:ERROR Could not find value for key log4j.appender.console
log4j:ERROR Could not instantiate appender named "console".
Jan 06, 2022 3:46:06 PM com.relevantcodes.extentreports.ExtentReports loadConfig
WARNUNG: Unable to perform report configuration. The file C:\Users\a.khawaja\IdeaProjects\Miro\ReportsConfig.xml was not found.
[main] INFO io.github.bonigarcia.wdm.WebDriverManager - Using chromedriver 96.0.4664.45 (resolved driver for Chrome 96)
[main] INFO io.github.bonigarcia.wdm.WebDriverManager - Exporting webdriver.chrome.driver as C:\Users\a.khawaja\.cache\selenium\chromedriver\win32\96.0.4664.45\chromedriver.exe
Starting ChromeDriver 96.0.4664.45 (76e4c1bb2ab4671b8beba3444e61c0f17584b2fc-refs/branch-heads/4664@{#947}) on port 60917
Only local connections are allowed.
Please see https://chromedriver.chromium.org/security-considerations for suggestions on keeping ChromeDriver safe.
ChromeDriver was started successfully.
Jan 06, 2022 3:46:09 PM org.openqa.selenium.remote.ProtocolHandshake createSession
INFORMATION: Detected dialect: W3C
Jan 06, 2022 3:46:09 PM org.openqa.selenium.devtools.CdpVersionFinder findNearestMatch
WARNUNG: Unable to find an exact match for CDP version 96, so returning the closest version found: 95
Jan 06, 2022 3:46:09 PM org.openqa.selenium.devtools.CdpVersionFinder findNearestMatch
INFORMATION: Found CDP implementation for version 96 of 95
]]></system-err>
  </testcase>
  <testcase name="SignUpPage[{Username=Test usern!_2321, Password=12345678, Description=Username Special characters, Email=Proper1112331@gmail.com}](2)" classname="tests.SignUpTest" time="12.559">
    <failure message="expected [true] but found [false]" type="java.lang.AssertionError"><![CDATA[java.lang.AssertionError: expected [true] but found [false]
	at tests.SignUpTest.SignUpPage(SignUpTest.java:28)
]]></failure>
    <system-out><![CDATA[2022-01-06 15:46:23 INFO  TestBase: BasePage.TestBase :140 - Running on Windows Operating System with chrome browser
2022-01-06 15:46:28 INFO  PageBase: pages.PageBase :57 - Executing waitForElementTobeClickable command for the element: [[ChromeDriver: chrome on WINDOWS (c9471286186c964f99c02f4ac2933495)] -> xpath: //button[@id='onetrust-accept-btn-handler']]
2022-01-06 15:46:28 INFO  PageBase: pages.PageBase :60 - Waiting for the element:[[ChromeDriver: chrome on WINDOWS (c9471286186c964f99c02f4ac2933495)] -> xpath: //button[@id='onetrust-accept-btn-handler']] to be clickable
2022-01-06 15:46:28 INFO  PageBase: pages.PageBase :75 - Executing isElementPresent command on the element: [[ChromeDriver: chrome on WINDOWS (c9471286186c964f99c02f4ac2933495)] -> xpath: //button[@id='onetrust-accept-btn-handler']]
2022-01-06 15:46:28 INFO  PageBase: pages.PageBase :94 - Executing CLICK command on the element: [[ChromeDriver: chrome on WINDOWS (c9471286186c964f99c02f4ac2933495)] -> xpath: //button[@id='onetrust-accept-btn-handler']]
2022-01-06 15:46:28 INFO  PageBase: pages.PageBase :75 - Executing isElementPresent command on the element: [[ChromeDriver: chrome on WINDOWS (c9471286186c964f99c02f4ac2933495)] -> xpath: //button[@id='onetrust-accept-btn-handler']]
2022-01-06 15:46:28 INFO  PageBase: pages.PageBase :57 - Executing waitForElementTobeClickable command for the element: [[ChromeDriver: chrome on WINDOWS (c9471286186c964f99c02f4ac2933495)] -> xpath: //button[@id='onetrust-accept-btn-handler']]
2022-01-06 15:46:28 INFO  PageBase: pages.PageBase :60 - Waiting for the element:[[ChromeDriver: chrome on WINDOWS (c9471286186c964f99c02f4ac2933495)] -> xpath: //button[@id='onetrust-accept-btn-handler']] to be clickable
2022-01-06 15:46:28 INFO  PageBase: pages.PageBase :57 - Executing waitForElementTobeClickable command for the element: [[ChromeDriver: chrome on WINDOWS (c9471286186c964f99c02f4ac2933495)] -> xpath: //input[@id='name']]
2022-01-06 15:46:28 INFO  PageBase: pages.PageBase :60 - Waiting for the element:[[ChromeDriver: chrome on WINDOWS (c9471286186c964f99c02f4ac2933495)] -> xpath: //input[@id='name']] to be clickable
2022-01-06 15:46:28 INFO  PageBase: pages.PageBase :75 - Executing isElementPresent command on the element: [[ChromeDriver: chrome on WINDOWS (c9471286186c964f99c02f4ac2933495)] -> xpath: //input[@id='name']]
2022-01-06 15:46:28 INFO  PageBase: pages.PageBase :44 - Executing INPUT text command for the element:[[ChromeDriver: chrome on WINDOWS (c9471286186c964f99c02f4ac2933495)] -> xpath: //input[@id='name']] with value: Test usern!_2321
2022-01-06 15:46:28 INFO  PageBase: pages.PageBase :57 - Executing waitForElementTobeClickable command for the element: [[ChromeDriver: chrome on WINDOWS (c9471286186c964f99c02f4ac2933495)] -> xpath: //input[@id='name']]
2022-01-06 15:46:28 INFO  PageBase: pages.PageBase :60 - Waiting for the element:[[ChromeDriver: chrome on WINDOWS (c9471286186c964f99c02f4ac2933495)] -> xpath: //input[@id='name']] to be clickable
2022-01-06 15:46:28 INFO  PageBase: pages.PageBase :57 - Executing waitForElementTobeClickable command for the element: [[ChromeDriver: chrome on WINDOWS (c9471286186c964f99c02f4ac2933495)] -> xpath: //input[@id='email']]
2022-01-06 15:46:28 INFO  PageBase: pages.PageBase :60 - Waiting for the element:[[ChromeDriver: chrome on WINDOWS (c9471286186c964f99c02f4ac2933495)] -> xpath: //input[@id='email']] to be clickable
2022-01-06 15:46:28 INFO  PageBase: pages.PageBase :75 - Executing isElementPresent command on the element: [[ChromeDriver: chrome on WINDOWS (c9471286186c964f99c02f4ac2933495)] -> xpath: //input[@id='email']]
2022-01-06 15:46:28 INFO  PageBase: pages.PageBase :44 - Executing INPUT text command for the element:[[ChromeDriver: chrome on WINDOWS (c9471286186c964f99c02f4ac2933495)] -> xpath: //input[@id='email']] with value: Proper1112331@gmail.com
2022-01-06 15:46:28 INFO  PageBase: pages.PageBase :57 - Executing waitForElementTobeClickable command for the element: [[ChromeDriver: chrome on WINDOWS (c9471286186c964f99c02f4ac2933495)] -> xpath: //input[@id='email']]
2022-01-06 15:46:28 INFO  PageBase: pages.PageBase :60 - Waiting for the element:[[ChromeDriver: chrome on WINDOWS (c9471286186c964f99c02f4ac2933495)] -> xpath: //input[@id='email']] to be clickable
2022-01-06 15:46:28 INFO  PageBase: pages.PageBase :57 - Executing waitForElementTobeClickable command for the element: [[ChromeDriver: chrome on WINDOWS (c9471286186c964f99c02f4ac2933495)] -> xpath: //input[@id='password']]
2022-01-06 15:46:28 INFO  PageBase: pages.PageBase :60 - Waiting for the element:[[ChromeDriver: chrome on WINDOWS (c9471286186c964f99c02f4ac2933495)] -> xpath: //input[@id='password']] to be clickable
2022-01-06 15:46:29 INFO  PageBase: pages.PageBase :75 - Executing isElementPresent command on the element: [[ChromeDriver: chrome on WINDOWS (c9471286186c964f99c02f4ac2933495)] -> xpath: //input[@id='password']]
2022-01-06 15:46:29 INFO  PageBase: pages.PageBase :44 - Executing INPUT text command for the element:[[ChromeDriver: chrome on WINDOWS (c9471286186c964f99c02f4ac2933495)] -> xpath: //input[@id='password']] with value: 12345678
2022-01-06 15:46:29 INFO  PageBase: pages.PageBase :57 - Executing waitForElementTobeClickable command for the element: [[ChromeDriver: chrome on WINDOWS (c9471286186c964f99c02f4ac2933495)] -> xpath: //input[@id='password']]
2022-01-06 15:46:29 INFO  PageBase: pages.PageBase :60 - Waiting for the element:[[ChromeDriver: chrome on WINDOWS (c9471286186c964f99c02f4ac2933495)] -> xpath: //input[@id='password']] to be clickable
2022-01-06 15:46:29 INFO  PageBase: pages.PageBase :57 - Executing waitForElementTobeClickable command for the element: [[ChromeDriver: chrome on WINDOWS (c9471286186c964f99c02f4ac2933495)] -> xpath: //div[@class='signup__checkbox-wrap']//div[@class='mr-checkbox-1']//span[@class='mr-checkbox-1__wrap']//label[@class='mr-checkbox-1__check']]
2022-01-06 15:46:29 INFO  PageBase: pages.PageBase :60 - Waiting for the element:[[ChromeDriver: chrome on WINDOWS (c9471286186c964f99c02f4ac2933495)] -> xpath: //div[@class='signup__checkbox-wrap']//div[@class='mr-checkbox-1']//span[@class='mr-checkbox-1__wrap']//label[@class='mr-checkbox-1__check']] to be clickable
2022-01-06 15:46:29 INFO  PageBase: pages.PageBase :94 - Executing CLICK command on the element: [[ChromeDriver: chrome on WINDOWS (c9471286186c964f99c02f4ac2933495)] -> xpath: //div[@class='signup__checkbox-wrap']//div[@class='mr-checkbox-1']//span[@class='mr-checkbox-1__wrap']//label[@class='mr-checkbox-1__check']]
2022-01-06 15:46:29 INFO  PageBase: pages.PageBase :75 - Executing isElementPresent command on the element: [[ChromeDriver: chrome on WINDOWS (c9471286186c964f99c02f4ac2933495)] -> xpath: //div[@class='signup__checkbox-wrap']//div[@class='mr-checkbox-1']//span[@class='mr-checkbox-1__wrap']//label[@class='mr-checkbox-1__check']]
2022-01-06 15:46:29 INFO  PageBase: pages.PageBase :57 - Executing waitForElementTobeClickable command for the element: [[ChromeDriver: chrome on WINDOWS (c9471286186c964f99c02f4ac2933495)] -> xpath: //div[@class='signup__checkbox-wrap']//div[@class='mr-checkbox-1']//span[@class='mr-checkbox-1__wrap']//label[@class='mr-checkbox-1__check']]
2022-01-06 15:46:29 INFO  PageBase: pages.PageBase :60 - Waiting for the element:[[ChromeDriver: chrome on WINDOWS (c9471286186c964f99c02f4ac2933495)] -> xpath: //div[@class='signup__checkbox-wrap']//div[@class='mr-checkbox-1']//span[@class='mr-checkbox-1__wrap']//label[@class='mr-checkbox-1__check']] to be clickable
2022-01-06 15:46:29 INFO  PageBase: pages.PageBase :57 - Executing waitForElementTobeClickable command for the element: [[ChromeDriver: chrome on WINDOWS (c9471286186c964f99c02f4ac2933495)] -> xpath: //label[@class='mr-checkbox-1__check ']]
2022-01-06 15:46:29 INFO  PageBase: pages.PageBase :60 - Waiting for the element:[[ChromeDriver: chrome on WINDOWS (c9471286186c964f99c02f4ac2933495)] -> xpath: //label[@class='mr-checkbox-1__check ']] to be clickable
2022-01-06 15:46:29 INFO  PageBase: pages.PageBase :94 - Executing CLICK command on the element: [[ChromeDriver: chrome on WINDOWS (c9471286186c964f99c02f4ac2933495)] -> xpath: //label[@class='mr-checkbox-1__check ']]
2022-01-06 15:46:29 INFO  PageBase: pages.PageBase :75 - Executing isElementPresent command on the element: [[ChromeDriver: chrome on WINDOWS (c9471286186c964f99c02f4ac2933495)] -> xpath: //label[@class='mr-checkbox-1__check ']]
2022-01-06 15:46:29 INFO  PageBase: pages.PageBase :57 - Executing waitForElementTobeClickable command for the element: [[ChromeDriver: chrome on WINDOWS (c9471286186c964f99c02f4ac2933495)] -> xpath: //label[@class='mr-checkbox-1__check ']]
2022-01-06 15:46:29 INFO  PageBase: pages.PageBase :60 - Waiting for the element:[[ChromeDriver: chrome on WINDOWS (c9471286186c964f99c02f4ac2933495)] -> xpath: //label[@class='mr-checkbox-1__check ']] to be clickable
2022-01-06 15:46:29 INFO  PageBase: pages.PageBase :57 - Executing waitForElementTobeClickable command for the element: [[ChromeDriver: chrome on WINDOWS (c9471286186c964f99c02f4ac2933495)] -> xpath: //button[@type='submit']]
2022-01-06 15:46:29 INFO  PageBase: pages.PageBase :60 - Waiting for the element:[[ChromeDriver: chrome on WINDOWS (c9471286186c964f99c02f4ac2933495)] -> xpath: //button[@type='submit']] to be clickable
2022-01-06 15:46:29 INFO  PageBase: pages.PageBase :94 - Executing CLICK command on the element: [[ChromeDriver: chrome on WINDOWS (c9471286186c964f99c02f4ac2933495)] -> xpath: //button[@type='submit']]
2022-01-06 15:46:29 INFO  PageBase: pages.PageBase :75 - Executing isElementPresent command on the element: [[ChromeDriver: chrome on WINDOWS (c9471286186c964f99c02f4ac2933495)] -> xpath: //button[@type='submit']]
2022-01-06 15:46:29 INFO  PageBase: pages.PageBase :57 - Executing waitForElementTobeClickable command for the element: [[ChromeDriver: chrome on WINDOWS (c9471286186c964f99c02f4ac2933495)] -> xpath: //button[@type='submit']]
2022-01-06 15:46:29 INFO  PageBase: pages.PageBase :60 - Waiting for the element:[[ChromeDriver: chrome on WINDOWS (c9471286186c964f99c02f4ac2933495)] -> xpath: //button[@type='submit']] to be clickable
2022-01-06 15:46:32 INFO  PageBase: pages.PageBase :113 - Executing waitForPageToLoad command
2022-01-06 15:46:32 INFO  PageBase: pages.PageBase :114 - Waiting for the page to load completely
2022-01-06 15:46:32 INFO  PageBase: pages.PageBase :120 - Page is loaded completely
2022-01-06 15:46:36 INFO  PageBase: pages.PageBase :75 - Executing isElementPresent command on the element: Proxy element for: DefaultElementLocator 'By.xpath: //input[@id='code']'
]]></system-out>
    <system-err><![CDATA[Jan 06, 2022 3:46:23 PM com.relevantcodes.extentreports.ExtentReports loadConfig
WARNUNG: Unable to perform report configuration. The file C:\Users\a.khawaja\IdeaProjects\Miro\ReportsConfig.xml was not found.
[main] INFO io.github.bonigarcia.wdm.WebDriverManager - Using chromedriver 96.0.4664.45 (resolved driver for Chrome 96)
[main] INFO io.github.bonigarcia.wdm.WebDriverManager - Exporting webdriver.chrome.driver as C:\Users\a.khawaja\.cache\selenium\chromedriver\win32\96.0.4664.45\chromedriver.exe
Starting ChromeDriver 96.0.4664.45 (76e4c1bb2ab4671b8beba3444e61c0f17584b2fc-refs/branch-heads/4664@{#947}) on port 50359
Only local connections are allowed.
Please see https://chromedriver.chromium.org/security-considerations for suggestions on keeping ChromeDriver safe.
ChromeDriver was started successfully.
Jan 06, 2022 3:46:24 PM org.openqa.selenium.remote.ProtocolHandshake createSession
INFORMATION: Detected dialect: W3C
Jan 06, 2022 3:46:24 PM org.openqa.selenium.devtools.CdpVersionFinder findNearestMatch
WARNUNG: Unable to find an exact match for CDP version 96, so returning the closest version found: 95
Jan 06, 2022 3:46:24 PM org.openqa.selenium.devtools.CdpVersionFinder findNearestMatch
INFORMATION: Found CDP implementation for version 96 of 95
]]></system-err>
  </testcase>
  <testcase name="SignUpPage[{Username=Test usernameßüöä, Password=12345678, Description=German special characters with user name and password, Email=ProperProperEmaila1222!2_2@gmail.com}](3)" classname="tests.SignUpTest" time="12.85">
    <failure message="expected [true] but found [false]" type="java.lang.AssertionError"><![CDATA[java.lang.AssertionError: expected [true] but found [false]
	at tests.SignUpTest.SignUpPage(SignUpTest.java:28)
]]></failure>
    <system-out><![CDATA[2022-01-06 15:46:36 INFO  TestBase: BasePage.TestBase :140 - Running on Windows Operating System with chrome browser
2022-01-06 15:46:40 INFO  PageBase: pages.PageBase :57 - Executing waitForElementTobeClickable command for the element: [[ChromeDriver: chrome on WINDOWS (3f3dddb7c2b2f4b1a07642d35eb35bbf)] -> xpath: //button[@id='onetrust-accept-btn-handler']]
2022-01-06 15:46:40 INFO  PageBase: pages.PageBase :60 - Waiting for the element:[[ChromeDriver: chrome on WINDOWS (3f3dddb7c2b2f4b1a07642d35eb35bbf)] -> xpath: //button[@id='onetrust-accept-btn-handler']] to be clickable
2022-01-06 15:46:40 INFO  PageBase: pages.PageBase :75 - Executing isElementPresent command on the element: [[ChromeDriver: chrome on WINDOWS (3f3dddb7c2b2f4b1a07642d35eb35bbf)] -> xpath: //button[@id='onetrust-accept-btn-handler']]
2022-01-06 15:46:40 INFO  PageBase: pages.PageBase :94 - Executing CLICK command on the element: [[ChromeDriver: chrome on WINDOWS (3f3dddb7c2b2f4b1a07642d35eb35bbf)] -> xpath: //button[@id='onetrust-accept-btn-handler']]
2022-01-06 15:46:40 INFO  PageBase: pages.PageBase :75 - Executing isElementPresent command on the element: [[ChromeDriver: chrome on WINDOWS (3f3dddb7c2b2f4b1a07642d35eb35bbf)] -> xpath: //button[@id='onetrust-accept-btn-handler']]
2022-01-06 15:46:40 INFO  PageBase: pages.PageBase :57 - Executing waitForElementTobeClickable command for the element: [[ChromeDriver: chrome on WINDOWS (3f3dddb7c2b2f4b1a07642d35eb35bbf)] -> xpath: //button[@id='onetrust-accept-btn-handler']]
2022-01-06 15:46:40 INFO  PageBase: pages.PageBase :60 - Waiting for the element:[[ChromeDriver: chrome on WINDOWS (3f3dddb7c2b2f4b1a07642d35eb35bbf)] -> xpath: //button[@id='onetrust-accept-btn-handler']] to be clickable
2022-01-06 15:46:41 INFO  PageBase: pages.PageBase :57 - Executing waitForElementTobeClickable command for the element: [[ChromeDriver: chrome on WINDOWS (3f3dddb7c2b2f4b1a07642d35eb35bbf)] -> xpath: //input[@id='name']]
2022-01-06 15:46:41 INFO  PageBase: pages.PageBase :60 - Waiting for the element:[[ChromeDriver: chrome on WINDOWS (3f3dddb7c2b2f4b1a07642d35eb35bbf)] -> xpath: //input[@id='name']] to be clickable
2022-01-06 15:46:41 INFO  PageBase: pages.PageBase :75 - Executing isElementPresent command on the element: [[ChromeDriver: chrome on WINDOWS (3f3dddb7c2b2f4b1a07642d35eb35bbf)] -> xpath: //input[@id='name']]
2022-01-06 15:46:41 INFO  PageBase: pages.PageBase :44 - Executing INPUT text command for the element:[[ChromeDriver: chrome on WINDOWS (3f3dddb7c2b2f4b1a07642d35eb35bbf)] -> xpath: //input[@id='name']] with value: Test usernameßüöä
2022-01-06 15:46:41 INFO  PageBase: pages.PageBase :57 - Executing waitForElementTobeClickable command for the element: [[ChromeDriver: chrome on WINDOWS (3f3dddb7c2b2f4b1a07642d35eb35bbf)] -> xpath: //input[@id='name']]
2022-01-06 15:46:41 INFO  PageBase: pages.PageBase :60 - Waiting for the element:[[ChromeDriver: chrome on WINDOWS (3f3dddb7c2b2f4b1a07642d35eb35bbf)] -> xpath: //input[@id='name']] to be clickable
2022-01-06 15:46:41 INFO  PageBase: pages.PageBase :57 - Executing waitForElementTobeClickable command for the element: [[ChromeDriver: chrome on WINDOWS (3f3dddb7c2b2f4b1a07642d35eb35bbf)] -> xpath: //input[@id='email']]
2022-01-06 15:46:41 INFO  PageBase: pages.PageBase :60 - Waiting for the element:[[ChromeDriver: chrome on WINDOWS (3f3dddb7c2b2f4b1a07642d35eb35bbf)] -> xpath: //input[@id='email']] to be clickable
2022-01-06 15:46:41 INFO  PageBase: pages.PageBase :75 - Executing isElementPresent command on the element: [[ChromeDriver: chrome on WINDOWS (3f3dddb7c2b2f4b1a07642d35eb35bbf)] -> xpath: //input[@id='email']]
2022-01-06 15:46:41 INFO  PageBase: pages.PageBase :44 - Executing INPUT text command for the element:[[ChromeDriver: chrome on WINDOWS (3f3dddb7c2b2f4b1a07642d35eb35bbf)] -> xpath: //input[@id='email']] with value: ProperProperEmaila1222!2_2@gmail.com
2022-01-06 15:46:41 INFO  PageBase: pages.PageBase :57 - Executing waitForElementTobeClickable command for the element: [[ChromeDriver: chrome on WINDOWS (3f3dddb7c2b2f4b1a07642d35eb35bbf)] -> xpath: //input[@id='email']]
2022-01-06 15:46:41 INFO  PageBase: pages.PageBase :60 - Waiting for the element:[[ChromeDriver: chrome on WINDOWS (3f3dddb7c2b2f4b1a07642d35eb35bbf)] -> xpath: //input[@id='email']] to be clickable
2022-01-06 15:46:41 INFO  PageBase: pages.PageBase :57 - Executing waitForElementTobeClickable command for the element: [[ChromeDriver: chrome on WINDOWS (3f3dddb7c2b2f4b1a07642d35eb35bbf)] -> xpath: //input[@id='password']]
2022-01-06 15:46:41 INFO  PageBase: pages.PageBase :60 - Waiting for the element:[[ChromeDriver: chrome on WINDOWS (3f3dddb7c2b2f4b1a07642d35eb35bbf)] -> xpath: //input[@id='password']] to be clickable
2022-01-06 15:46:41 INFO  PageBase: pages.PageBase :75 - Executing isElementPresent command on the element: [[ChromeDriver: chrome on WINDOWS (3f3dddb7c2b2f4b1a07642d35eb35bbf)] -> xpath: //input[@id='password']]
2022-01-06 15:46:41 INFO  PageBase: pages.PageBase :44 - Executing INPUT text command for the element:[[ChromeDriver: chrome on WINDOWS (3f3dddb7c2b2f4b1a07642d35eb35bbf)] -> xpath: //input[@id='password']] with value: 12345678
2022-01-06 15:46:41 INFO  PageBase: pages.PageBase :57 - Executing waitForElementTobeClickable command for the element: [[ChromeDriver: chrome on WINDOWS (3f3dddb7c2b2f4b1a07642d35eb35bbf)] -> xpath: //input[@id='password']]
2022-01-06 15:46:41 INFO  PageBase: pages.PageBase :60 - Waiting for the element:[[ChromeDriver: chrome on WINDOWS (3f3dddb7c2b2f4b1a07642d35eb35bbf)] -> xpath: //input[@id='password']] to be clickable
2022-01-06 15:46:41 INFO  PageBase: pages.PageBase :57 - Executing waitForElementTobeClickable command for the element: [[ChromeDriver: chrome on WINDOWS (3f3dddb7c2b2f4b1a07642d35eb35bbf)] -> xpath: //div[@class='signup__checkbox-wrap']//div[@class='mr-checkbox-1']//span[@class='mr-checkbox-1__wrap']//label[@class='mr-checkbox-1__check']]
2022-01-06 15:46:41 INFO  PageBase: pages.PageBase :60 - Waiting for the element:[[ChromeDriver: chrome on WINDOWS (3f3dddb7c2b2f4b1a07642d35eb35bbf)] -> xpath: //div[@class='signup__checkbox-wrap']//div[@class='mr-checkbox-1']//span[@class='mr-checkbox-1__wrap']//label[@class='mr-checkbox-1__check']] to be clickable
2022-01-06 15:46:41 INFO  PageBase: pages.PageBase :94 - Executing CLICK command on the element: [[ChromeDriver: chrome on WINDOWS (3f3dddb7c2b2f4b1a07642d35eb35bbf)] -> xpath: //div[@class='signup__checkbox-wrap']//div[@class='mr-checkbox-1']//span[@class='mr-checkbox-1__wrap']//label[@class='mr-checkbox-1__check']]
2022-01-06 15:46:41 INFO  PageBase: pages.PageBase :75 - Executing isElementPresent command on the element: [[ChromeDriver: chrome on WINDOWS (3f3dddb7c2b2f4b1a07642d35eb35bbf)] -> xpath: //div[@class='signup__checkbox-wrap']//div[@class='mr-checkbox-1']//span[@class='mr-checkbox-1__wrap']//label[@class='mr-checkbox-1__check']]
2022-01-06 15:46:41 INFO  PageBase: pages.PageBase :57 - Executing waitForElementTobeClickable command for the element: [[ChromeDriver: chrome on WINDOWS (3f3dddb7c2b2f4b1a07642d35eb35bbf)] -> xpath: //div[@class='signup__checkbox-wrap']//div[@class='mr-checkbox-1']//span[@class='mr-checkbox-1__wrap']//label[@class='mr-checkbox-1__check']]
2022-01-06 15:46:41 INFO  PageBase: pages.PageBase :60 - Waiting for the element:[[ChromeDriver: chrome on WINDOWS (3f3dddb7c2b2f4b1a07642d35eb35bbf)] -> xpath: //div[@class='signup__checkbox-wrap']//div[@class='mr-checkbox-1']//span[@class='mr-checkbox-1__wrap']//label[@class='mr-checkbox-1__check']] to be clickable
2022-01-06 15:46:41 INFO  PageBase: pages.PageBase :57 - Executing waitForElementTobeClickable command for the element: [[ChromeDriver: chrome on WINDOWS (3f3dddb7c2b2f4b1a07642d35eb35bbf)] -> xpath: //label[@class='mr-checkbox-1__check ']]
2022-01-06 15:46:41 INFO  PageBase: pages.PageBase :60 - Waiting for the element:[[ChromeDriver: chrome on WINDOWS (3f3dddb7c2b2f4b1a07642d35eb35bbf)] -> xpath: //label[@class='mr-checkbox-1__check ']] to be clickable
2022-01-06 15:46:41 INFO  PageBase: pages.PageBase :94 - Executing CLICK command on the element: [[ChromeDriver: chrome on WINDOWS (3f3dddb7c2b2f4b1a07642d35eb35bbf)] -> xpath: //label[@class='mr-checkbox-1__check ']]
2022-01-06 15:46:41 INFO  PageBase: pages.PageBase :75 - Executing isElementPresent command on the element: [[ChromeDriver: chrome on WINDOWS (3f3dddb7c2b2f4b1a07642d35eb35bbf)] -> xpath: //label[@class='mr-checkbox-1__check ']]
2022-01-06 15:46:42 INFO  PageBase: pages.PageBase :57 - Executing waitForElementTobeClickable command for the element: [[ChromeDriver: chrome on WINDOWS (3f3dddb7c2b2f4b1a07642d35eb35bbf)] -> xpath: //label[@class='mr-checkbox-1__check ']]
2022-01-06 15:46:42 INFO  PageBase: pages.PageBase :60 - Waiting for the element:[[ChromeDriver: chrome on WINDOWS (3f3dddb7c2b2f4b1a07642d35eb35bbf)] -> xpath: //label[@class='mr-checkbox-1__check ']] to be clickable
2022-01-06 15:46:42 INFO  PageBase: pages.PageBase :57 - Executing waitForElementTobeClickable command for the element: [[ChromeDriver: chrome on WINDOWS (3f3dddb7c2b2f4b1a07642d35eb35bbf)] -> xpath: //button[@type='submit']]
2022-01-06 15:46:42 INFO  PageBase: pages.PageBase :60 - Waiting for the element:[[ChromeDriver: chrome on WINDOWS (3f3dddb7c2b2f4b1a07642d35eb35bbf)] -> xpath: //button[@type='submit']] to be clickable
2022-01-06 15:46:42 INFO  PageBase: pages.PageBase :94 - Executing CLICK command on the element: [[ChromeDriver: chrome on WINDOWS (3f3dddb7c2b2f4b1a07642d35eb35bbf)] -> xpath: //button[@type='submit']]
2022-01-06 15:46:42 INFO  PageBase: pages.PageBase :75 - Executing isElementPresent command on the element: [[ChromeDriver: chrome on WINDOWS (3f3dddb7c2b2f4b1a07642d35eb35bbf)] -> xpath: //button[@type='submit']]
2022-01-06 15:46:42 INFO  PageBase: pages.PageBase :57 - Executing waitForElementTobeClickable command for the element: [[ChromeDriver: chrome on WINDOWS (3f3dddb7c2b2f4b1a07642d35eb35bbf)] -> xpath: //button[@type='submit']]
2022-01-06 15:46:42 INFO  PageBase: pages.PageBase :60 - Waiting for the element:[[ChromeDriver: chrome on WINDOWS (3f3dddb7c2b2f4b1a07642d35eb35bbf)] -> xpath: //button[@type='submit']] to be clickable
2022-01-06 15:46:44 INFO  PageBase: pages.PageBase :113 - Executing waitForPageToLoad command
2022-01-06 15:46:44 INFO  PageBase: pages.PageBase :114 - Waiting for the page to load completely
2022-01-06 15:46:44 INFO  PageBase: pages.PageBase :120 - Page is loaded completely
2022-01-06 15:46:48 INFO  PageBase: pages.PageBase :75 - Executing isElementPresent command on the element: Proxy element for: DefaultElementLocator 'By.xpath: //input[@id='code']'
]]></system-out>
    <system-err><![CDATA[Jan 06, 2022 3:46:36 PM com.relevantcodes.extentreports.ExtentReports loadConfig
WARNUNG: Unable to perform report configuration. The file C:\Users\a.khawaja\IdeaProjects\Miro\ReportsConfig.xml was not found.
[main] INFO io.github.bonigarcia.wdm.WebDriverManager - Using chromedriver 96.0.4664.45 (resolved driver for Chrome 96)
[main] INFO io.github.bonigarcia.wdm.WebDriverManager - Exporting webdriver.chrome.driver as C:\Users\a.khawaja\.cache\selenium\chromedriver\win32\96.0.4664.45\chromedriver.exe
Starting ChromeDriver 96.0.4664.45 (76e4c1bb2ab4671b8beba3444e61c0f17584b2fc-refs/branch-heads/4664@{#947}) on port 58860
Only local connections are allowed.
Please see https://chromedriver.chromium.org/security-considerations for suggestions on keeping ChromeDriver safe.
ChromeDriver was started successfully.
Jan 06, 2022 3:46:37 PM org.openqa.selenium.remote.ProtocolHandshake createSession
INFORMATION: Detected dialect: W3C
Jan 06, 2022 3:46:37 PM org.openqa.selenium.devtools.CdpVersionFinder findNearestMatch
WARNUNG: Unable to find an exact match for CDP version 96, so returning the closest version found: 95
Jan 06, 2022 3:46:37 PM org.openqa.selenium.devtools.CdpVersionFinder findNearestMatch
INFORMATION: Found CDP implementation for version 96 of 95
]]></system-err>
  </testcase>
  <testcase name="SignUpPage[{Username=Test username, Password=12345678, Description=Not signing up for updates, Email=EmailEmail191@gmail.com}](4)" classname="tests.SignUpTest" time="13.387">
    <failure message="expected [true] but found [false]" type="java.lang.AssertionError"><![CDATA[java.lang.AssertionError: expected [true] but found [false]
	at tests.SignUpTest.SignUpPage(SignUpTest.java:28)
]]></failure>
    <system-out><![CDATA[2022-01-06 15:46:48 INFO  TestBase: BasePage.TestBase :140 - Running on Windows Operating System with chrome browser
2022-01-06 15:46:54 INFO  PageBase: pages.PageBase :57 - Executing waitForElementTobeClickable command for the element: [[ChromeDriver: chrome on WINDOWS (c6db14c318d0341e75bbc73d7a251c4b)] -> xpath: //button[@id='onetrust-accept-btn-handler']]
2022-01-06 15:46:54 INFO  PageBase: pages.PageBase :60 - Waiting for the element:[[ChromeDriver: chrome on WINDOWS (c6db14c318d0341e75bbc73d7a251c4b)] -> xpath: //button[@id='onetrust-accept-btn-handler']] to be clickable
2022-01-06 15:46:54 INFO  PageBase: pages.PageBase :75 - Executing isElementPresent command on the element: [[ChromeDriver: chrome on WINDOWS (c6db14c318d0341e75bbc73d7a251c4b)] -> xpath: //button[@id='onetrust-accept-btn-handler']]
2022-01-06 15:46:54 INFO  PageBase: pages.PageBase :94 - Executing CLICK command on the element: [[ChromeDriver: chrome on WINDOWS (c6db14c318d0341e75bbc73d7a251c4b)] -> xpath: //button[@id='onetrust-accept-btn-handler']]
2022-01-06 15:46:54 INFO  PageBase: pages.PageBase :75 - Executing isElementPresent command on the element: [[ChromeDriver: chrome on WINDOWS (c6db14c318d0341e75bbc73d7a251c4b)] -> xpath: //button[@id='onetrust-accept-btn-handler']]
2022-01-06 15:46:54 INFO  PageBase: pages.PageBase :57 - Executing waitForElementTobeClickable command for the element: [[ChromeDriver: chrome on WINDOWS (c6db14c318d0341e75bbc73d7a251c4b)] -> xpath: //button[@id='onetrust-accept-btn-handler']]
2022-01-06 15:46:54 INFO  PageBase: pages.PageBase :60 - Waiting for the element:[[ChromeDriver: chrome on WINDOWS (c6db14c318d0341e75bbc73d7a251c4b)] -> xpath: //button[@id='onetrust-accept-btn-handler']] to be clickable
2022-01-06 15:46:54 INFO  PageBase: pages.PageBase :57 - Executing waitForElementTobeClickable command for the element: [[ChromeDriver: chrome on WINDOWS (c6db14c318d0341e75bbc73d7a251c4b)] -> xpath: //input[@id='name']]
2022-01-06 15:46:54 INFO  PageBase: pages.PageBase :60 - Waiting for the element:[[ChromeDriver: chrome on WINDOWS (c6db14c318d0341e75bbc73d7a251c4b)] -> xpath: //input[@id='name']] to be clickable
2022-01-06 15:46:54 INFO  PageBase: pages.PageBase :75 - Executing isElementPresent command on the element: [[ChromeDriver: chrome on WINDOWS (c6db14c318d0341e75bbc73d7a251c4b)] -> xpath: //input[@id='name']]
2022-01-06 15:46:54 INFO  PageBase: pages.PageBase :44 - Executing INPUT text command for the element:[[ChromeDriver: chrome on WINDOWS (c6db14c318d0341e75bbc73d7a251c4b)] -> xpath: //input[@id='name']] with value: Test username
2022-01-06 15:46:54 INFO  PageBase: pages.PageBase :57 - Executing waitForElementTobeClickable command for the element: [[ChromeDriver: chrome on WINDOWS (c6db14c318d0341e75bbc73d7a251c4b)] -> xpath: //input[@id='name']]
2022-01-06 15:46:54 INFO  PageBase: pages.PageBase :60 - Waiting for the element:[[ChromeDriver: chrome on WINDOWS (c6db14c318d0341e75bbc73d7a251c4b)] -> xpath: //input[@id='name']] to be clickable
2022-01-06 15:46:54 INFO  PageBase: pages.PageBase :57 - Executing waitForElementTobeClickable command for the element: [[ChromeDriver: chrome on WINDOWS (c6db14c318d0341e75bbc73d7a251c4b)] -> xpath: //input[@id='email']]
2022-01-06 15:46:54 INFO  PageBase: pages.PageBase :60 - Waiting for the element:[[ChromeDriver: chrome on WINDOWS (c6db14c318d0341e75bbc73d7a251c4b)] -> xpath: //input[@id='email']] to be clickable
2022-01-06 15:46:54 INFO  PageBase: pages.PageBase :75 - Executing isElementPresent command on the element: [[ChromeDriver: chrome on WINDOWS (c6db14c318d0341e75bbc73d7a251c4b)] -> xpath: //input[@id='email']]
2022-01-06 15:46:54 INFO  PageBase: pages.PageBase :44 - Executing INPUT text command for the element:[[ChromeDriver: chrome on WINDOWS (c6db14c318d0341e75bbc73d7a251c4b)] -> xpath: //input[@id='email']] with value: EmailEmail191@gmail.com
2022-01-06 15:46:54 INFO  PageBase: pages.PageBase :57 - Executing waitForElementTobeClickable command for the element: [[ChromeDriver: chrome on WINDOWS (c6db14c318d0341e75bbc73d7a251c4b)] -> xpath: //input[@id='email']]
2022-01-06 15:46:54 INFO  PageBase: pages.PageBase :60 - Waiting for the element:[[ChromeDriver: chrome on WINDOWS (c6db14c318d0341e75bbc73d7a251c4b)] -> xpath: //input[@id='email']] to be clickable
2022-01-06 15:46:54 INFO  PageBase: pages.PageBase :57 - Executing waitForElementTobeClickable command for the element: [[ChromeDriver: chrome on WINDOWS (c6db14c318d0341e75bbc73d7a251c4b)] -> xpath: //input[@id='password']]
2022-01-06 15:46:54 INFO  PageBase: pages.PageBase :60 - Waiting for the element:[[ChromeDriver: chrome on WINDOWS (c6db14c318d0341e75bbc73d7a251c4b)] -> xpath: //input[@id='password']] to be clickable
2022-01-06 15:46:54 INFO  PageBase: pages.PageBase :75 - Executing isElementPresent command on the element: [[ChromeDriver: chrome on WINDOWS (c6db14c318d0341e75bbc73d7a251c4b)] -> xpath: //input[@id='password']]
2022-01-06 15:46:54 INFO  PageBase: pages.PageBase :44 - Executing INPUT text command for the element:[[ChromeDriver: chrome on WINDOWS (c6db14c318d0341e75bbc73d7a251c4b)] -> xpath: //input[@id='password']] with value: 12345678
2022-01-06 15:46:54 INFO  PageBase: pages.PageBase :57 - Executing waitForElementTobeClickable command for the element: [[ChromeDriver: chrome on WINDOWS (c6db14c318d0341e75bbc73d7a251c4b)] -> xpath: //input[@id='password']]
2022-01-06 15:46:54 INFO  PageBase: pages.PageBase :60 - Waiting for the element:[[ChromeDriver: chrome on WINDOWS (c6db14c318d0341e75bbc73d7a251c4b)] -> xpath: //input[@id='password']] to be clickable
2022-01-06 15:46:54 INFO  PageBase: pages.PageBase :57 - Executing waitForElementTobeClickable command for the element: [[ChromeDriver: chrome on WINDOWS (c6db14c318d0341e75bbc73d7a251c4b)] -> xpath: //div[@class='signup__checkbox-wrap']//div[@class='mr-checkbox-1']//span[@class='mr-checkbox-1__wrap']//label[@class='mr-checkbox-1__check']]
2022-01-06 15:46:54 INFO  PageBase: pages.PageBase :60 - Waiting for the element:[[ChromeDriver: chrome on WINDOWS (c6db14c318d0341e75bbc73d7a251c4b)] -> xpath: //div[@class='signup__checkbox-wrap']//div[@class='mr-checkbox-1']//span[@class='mr-checkbox-1__wrap']//label[@class='mr-checkbox-1__check']] to be clickable
2022-01-06 15:46:54 INFO  PageBase: pages.PageBase :94 - Executing CLICK command on the element: [[ChromeDriver: chrome on WINDOWS (c6db14c318d0341e75bbc73d7a251c4b)] -> xpath: //div[@class='signup__checkbox-wrap']//div[@class='mr-checkbox-1']//span[@class='mr-checkbox-1__wrap']//label[@class='mr-checkbox-1__check']]
2022-01-06 15:46:54 INFO  PageBase: pages.PageBase :75 - Executing isElementPresent command on the element: [[ChromeDriver: chrome on WINDOWS (c6db14c318d0341e75bbc73d7a251c4b)] -> xpath: //div[@class='signup__checkbox-wrap']//div[@class='mr-checkbox-1']//span[@class='mr-checkbox-1__wrap']//label[@class='mr-checkbox-1__check']]
2022-01-06 15:46:54 INFO  PageBase: pages.PageBase :57 - Executing waitForElementTobeClickable command for the element: [[ChromeDriver: chrome on WINDOWS (c6db14c318d0341e75bbc73d7a251c4b)] -> xpath: //div[@class='signup__checkbox-wrap']//div[@class='mr-checkbox-1']//span[@class='mr-checkbox-1__wrap']//label[@class='mr-checkbox-1__check']]
2022-01-06 15:46:55 INFO  PageBase: pages.PageBase :60 - Waiting for the element:[[ChromeDriver: chrome on WINDOWS (c6db14c318d0341e75bbc73d7a251c4b)] -> xpath: //div[@class='signup__checkbox-wrap']//div[@class='mr-checkbox-1']//span[@class='mr-checkbox-1__wrap']//label[@class='mr-checkbox-1__check']] to be clickable
2022-01-06 15:46:55 INFO  PageBase: pages.PageBase :57 - Executing waitForElementTobeClickable command for the element: [[ChromeDriver: chrome on WINDOWS (c6db14c318d0341e75bbc73d7a251c4b)] -> xpath: //label[@class='mr-checkbox-1__check ']]
2022-01-06 15:46:55 INFO  PageBase: pages.PageBase :60 - Waiting for the element:[[ChromeDriver: chrome on WINDOWS (c6db14c318d0341e75bbc73d7a251c4b)] -> xpath: //label[@class='mr-checkbox-1__check ']] to be clickable
2022-01-06 15:46:55 INFO  PageBase: pages.PageBase :94 - Executing CLICK command on the element: [[ChromeDriver: chrome on WINDOWS (c6db14c318d0341e75bbc73d7a251c4b)] -> xpath: //label[@class='mr-checkbox-1__check ']]
2022-01-06 15:46:55 INFO  PageBase: pages.PageBase :75 - Executing isElementPresent command on the element: [[ChromeDriver: chrome on WINDOWS (c6db14c318d0341e75bbc73d7a251c4b)] -> xpath: //label[@class='mr-checkbox-1__check ']]
2022-01-06 15:46:55 INFO  PageBase: pages.PageBase :57 - Executing waitForElementTobeClickable command for the element: [[ChromeDriver: chrome on WINDOWS (c6db14c318d0341e75bbc73d7a251c4b)] -> xpath: //label[@class='mr-checkbox-1__check ']]
2022-01-06 15:46:55 INFO  PageBase: pages.PageBase :60 - Waiting for the element:[[ChromeDriver: chrome on WINDOWS (c6db14c318d0341e75bbc73d7a251c4b)] -> xpath: //label[@class='mr-checkbox-1__check ']] to be clickable
2022-01-06 15:46:55 INFO  PageBase: pages.PageBase :57 - Executing waitForElementTobeClickable command for the element: [[ChromeDriver: chrome on WINDOWS (c6db14c318d0341e75bbc73d7a251c4b)] -> xpath: //button[@type='submit']]
2022-01-06 15:46:55 INFO  PageBase: pages.PageBase :60 - Waiting for the element:[[ChromeDriver: chrome on WINDOWS (c6db14c318d0341e75bbc73d7a251c4b)] -> xpath: //button[@type='submit']] to be clickable
2022-01-06 15:46:55 INFO  PageBase: pages.PageBase :94 - Executing CLICK command on the element: [[ChromeDriver: chrome on WINDOWS (c6db14c318d0341e75bbc73d7a251c4b)] -> xpath: //button[@type='submit']]
2022-01-06 15:46:55 INFO  PageBase: pages.PageBase :75 - Executing isElementPresent command on the element: [[ChromeDriver: chrome on WINDOWS (c6db14c318d0341e75bbc73d7a251c4b)] -> xpath: //button[@type='submit']]
2022-01-06 15:46:55 INFO  PageBase: pages.PageBase :57 - Executing waitForElementTobeClickable command for the element: [[ChromeDriver: chrome on WINDOWS (c6db14c318d0341e75bbc73d7a251c4b)] -> xpath: //button[@type='submit']]
2022-01-06 15:46:55 INFO  PageBase: pages.PageBase :60 - Waiting for the element:[[ChromeDriver: chrome on WINDOWS (c6db14c318d0341e75bbc73d7a251c4b)] -> xpath: //button[@type='submit']] to be clickable
2022-01-06 15:46:58 INFO  PageBase: pages.PageBase :113 - Executing waitForPageToLoad command
2022-01-06 15:46:58 INFO  PageBase: pages.PageBase :114 - Waiting for the page to load completely
2022-01-06 15:46:58 INFO  PageBase: pages.PageBase :120 - Page is loaded completely
2022-01-06 15:47:02 INFO  PageBase: pages.PageBase :75 - Executing isElementPresent command on the element: Proxy element for: DefaultElementLocator 'By.xpath: //input[@id='code']'
]]></system-out>
    <system-err><![CDATA[Jan 06, 2022 3:46:48 PM com.relevantcodes.extentreports.ExtentReports loadConfig
WARNUNG: Unable to perform report configuration. The file C:\Users\a.khawaja\IdeaProjects\Miro\ReportsConfig.xml was not found.
[main] INFO io.github.bonigarcia.wdm.WebDriverManager - Using chromedriver 96.0.4664.45 (resolved driver for Chrome 96)
[main] INFO io.github.bonigarcia.wdm.WebDriverManager - Exporting webdriver.chrome.driver as C:\Users\a.khawaja\.cache\selenium\chromedriver\win32\96.0.4664.45\chromedriver.exe
Starting ChromeDriver 96.0.4664.45 (76e4c1bb2ab4671b8beba3444e61c0f17584b2fc-refs/branch-heads/4664@{#947}) on port 51696
Only local connections are allowed.
Please see https://chromedriver.chromium.org/security-considerations for suggestions on keeping ChromeDriver safe.
ChromeDriver was started successfully.
Jan 06, 2022 3:46:50 PM org.openqa.selenium.remote.ProtocolHandshake createSession
INFORMATION: Detected dialect: W3C
Jan 06, 2022 3:46:50 PM org.openqa.selenium.devtools.CdpVersionFinder findNearestMatch
WARNUNG: Unable to find an exact match for CDP version 96, so returning the closest version found: 95
Jan 06, 2022 3:46:50 PM org.openqa.selenium.devtools.CdpVersionFinder findNearestMatch
INFORMATION: Found CDP implementation for version 96 of 95
]]></system-err>
  </testcase>
</testsuite>