<?xml version="1.0" encoding="UTF-8"?>
<testsuite xmlns:xsi="http://www.w3.org/2001/XMLSchema-instance" xsi:noNamespaceSchemaLocation="https://maven.apache.org/surefire/maven-surefire-plugin/xsd/surefire-test-report-3.0.xsd" version="3.0" name="TestSuite" time="57.146" tests="4" errors="0" skipped="0" failures="4">
  <properties>
    <property name="sun.desktop" value="windows"/>
    <property name="awt.toolkit" value="sun.awt.windows.WToolkit"/>
    <property name="file.encoding.pkg" value="sun.io"/>
    <property name="java.specification.version" value="1.8"/>
    <property name="webdriver.chrome.driver" value="C:\Users\a.khawaja\.cache\selenium\chromedriver\win32\96.0.4664.45\chromedriver.exe"/>
    <property name="sun.cpu.isalist" value="amd64"/>
    <property name="sun.jnu.encoding" value="Cp1252"/>
    <property name="java.class.path" value="C:\Users\a.khawaja\IdeaProjects\Miro\target\test-classes;C:\Users\a.khawaja\IdeaProjects\Miro\target\classes;C:\Users\a.khawaja\.m2\repository\org\testng\testng\6.14.3\testng-6.14.3.jar;C:\Users\a.khawaja\.m2\repository\com\beust\jcommander\1.72\jcommander-1.72.jar;C:\Users\a.khawaja\.m2\repository\org\apache-extras\beanshell\bsh\2.0b6\bsh-2.0b6.jar;C:\Users\a.khawaja\.m2\repository\io\github\bonigarcia\webdrivermanager\5.0.3\webdrivermanager-5.0.3.jar;C:\Users\a.khawaja\.m2\repository\org\slf4j\slf4j-api\1.7.32\slf4j-api-1.7.32.jar;C:\Users\a.khawaja\.m2\repository\com\google\code\gson\gson\2.8.8\gson-2.8.8.jar;C:\Users\a.khawaja\.m2\repository\org\jsoup\jsoup\1.14.2\jsoup-1.14.2.jar;C:\Users\a.khawaja\.m2\repository\com\github\docker-java\docker-java\3.2.12\docker-java-3.2.12.jar;C:\Users\a.khawaja\.m2\repository\com\github\docker-java\docker-java-core\3.2.12\docker-java-core-3.2.12.jar;C:\Users\a.khawaja\.m2\repository\com\github\docker-java\docker-java-api\3.2.12\docker-java-api-3.2.12.jar;C:\Users\a.khawaja\.m2\repository\com\fasterxml\jackson\core\jackson-annotations\2.10.3\jackson-annotations-2.10.3.jar;C:\Users\a.khawaja\.m2\repository\org\apache\commons\commons-compress\1.21\commons-compress-1.21.jar;C:\Users\a.khawaja\.m2\repository\commons-lang\commons-lang\2.6\commons-lang-2.6.jar;C:\Users\a.khawaja\.m2\repository\com\fasterxml\jackson\core\jackson-databind\2.10.3\jackson-databind-2.10.3.jar;C:\Users\a.khawaja\.m2\repository\com\fasterxml\jackson\core\jackson-core\2.10.3\jackson-core-2.10.3.jar;C:\Users\a.khawaja\.m2\repository\org\bouncycastle\bcpkix-jdk15on\1.64\bcpkix-jdk15on-1.64.jar;C:\Users\a.khawaja\.m2\repository\org\bouncycastle\bcprov-jdk15on\1.64\bcprov-jdk15on-1.64.jar;C:\Users\a.khawaja\.m2\repository\org\slf4j\jcl-over-slf4j\1.7.30\jcl-over-slf4j-1.7.30.jar;C:\Users\a.khawaja\.m2\repository\com\github\docker-java\docker-java-transport-httpclient5\3.2.12\docker-java-transport-httpclient5-3.2.12.jar;C:\Users\a.khawaja\.m2\repository\com\github\docker-java\docker-java-transport\3.2.12\docker-java-transport-3.2.12.jar;C:\Users\a.khawaja\.m2\repository\org\apache\httpcomponents\client5\httpclient5\5.0.3\httpclient5-5.0.3.jar;C:\Users\a.khawaja\.m2\repository\org\apache\httpcomponents\core5\httpcore5\5.0.2\httpcore5-5.0.2.jar;C:\Users\a.khawaja\.m2\repository\commons-codec\commons-codec\1.13\commons-codec-1.13.jar;C:\Users\a.khawaja\.m2\repository\net\java\dev\jna\jna\5.8.0\jna-5.8.0.jar;C:\Users\a.khawaja\.m2\repository\com\google\guava\guava\30.1.1-jre\guava-30.1.1-jre.jar;C:\Users\a.khawaja\.m2\repository\com\google\guava\failureaccess\1.0.1\failureaccess-1.0.1.jar;C:\Users\a.khawaja\.m2\repository\com\google\guava\listenablefuture\9999.0-empty-to-avoid-conflict-with-guava\listenablefuture-9999.0-empty-to-avoid-conflict-with-guava.jar;C:\Users\a.khawaja\.m2\repository\com\google\code\findbugs\jsr305\3.0.2\jsr305-3.0.2.jar;C:\Users\a.khawaja\.m2\repository\org\checkerframework\checker-qual\3.8.0\checker-qual-3.8.0.jar;C:\Users\a.khawaja\.m2\repository\com\google\errorprone\error_prone_annotations\2.5.1\error_prone_annotations-2.5.1.jar;C:\Users\a.khawaja\.m2\repository\com\google\j2objc\j2objc-annotations\1.3\j2objc-annotations-1.3.jar;C:\Users\a.khawaja\.m2\repository\org\brotli\dec\0.1.2\dec-0.1.2.jar;C:\Users\a.khawaja\.m2\repository\org\apache\poi\poi\3.6\poi-3.6.jar;C:\Users\a.khawaja\.m2\repository\commons-logging\commons-logging\1.1\commons-logging-1.1.jar;C:\Users\a.khawaja\.m2\repository\logkit\logkit\1.0.1\logkit-1.0.1.jar;C:\Users\a.khawaja\.m2\repository\avalon-framework\avalon-framework\4.1.3\avalon-framework-4.1.3.jar;C:\Users\a.khawaja\.m2\repository\javax\servlet\servlet-api\2.3\servlet-api-2.3.jar;C:\Users\a.khawaja\.m2\repository\org\apache\poi\poi-ooxml\3.6\poi-ooxml-3.6.jar;C:\Users\a.khawaja\.m2\repository\org\apache\poi\poi-ooxml-schemas\3.6\poi-ooxml-schemas-3.6.jar;C:\Users\a.khawaja\.m2\repository\org\apache\geronimo\specs\geronimo-stax-api_1.0_spec\1.0\geronimo-stax-api_1.0_spec-1.0.jar;C:\Users\a.khawaja\.m2\repository\dom4j\dom4j\1.1\dom4j-1.1.jar;C:\Users\a.khawaja\.m2\repository\org\apache\xmlbeans\xmlbeans\2.3.0\xmlbeans-2.3.0.jar;C:\Users\a.khawaja\.m2\repository\stax\stax-api\1.0.1\stax-api-1.0.1.jar;C:\Users\a.khawaja\.m2\repository\commons-io\commons-io\2.6\commons-io-2.6.jar;C:\Users\a.khawaja\.m2\repository\org\seleniumhq\selenium\selenium-java\4.0.0\selenium-java-4.0.0.jar;C:\Users\a.khawaja\.m2\repository\org\seleniumhq\selenium\selenium-api\4.0.0\selenium-api-4.0.0.jar;C:\Users\a.khawaja\.m2\repository\org\seleniumhq\selenium\selenium-chrome-driver\4.0.0\selenium-chrome-driver-4.0.0.jar;C:\Users\a.khawaja\.m2\repository\com\google\auto\service\auto-service-annotations\1.0\auto-service-annotations-1.0.jar;C:\Users\a.khawaja\.m2\repository\com\google\auto\service\auto-service\1.0\auto-service-1.0.jar;C:\Users\a.khawaja\.m2\repository\com\google\auto\auto-common\1.0\auto-common-1.0.jar;C:\Users\a.khawaja\.m2\repository\org\seleniumhq\selenium\selenium-chromium-driver\4.0.0\selenium-chromium-driver-4.0.0.jar;C:\Users\a.khawaja\.m2\repository\org\seleniumhq\selenium\selenium-json\4.0.0\selenium-json-4.0.0.jar;C:\Users\a.khawaja\.m2\repository\org\seleniumhq\selenium\selenium-devtools-v85\4.0.0\selenium-devtools-v85-4.0.0.jar;C:\Users\a.khawaja\.m2\repository\org\seleniumhq\selenium\selenium-devtools-v93\4.0.0\selenium-devtools-v93-4.0.0.jar;C:\Users\a.khawaja\.m2\repository\org\seleniumhq\selenium\selenium-devtools-v94\4.0.0\selenium-devtools-v94-4.0.0.jar;C:\Users\a.khawaja\.m2\repository\org\seleniumhq\selenium\selenium-devtools-v95\4.0.0\selenium-devtools-v95-4.0.0.jar;C:\Users\a.khawaja\.m2\repository\org\seleniumhq\selenium\selenium-edge-driver\4.0.0\selenium-edge-driver-4.0.0.jar;C:\Users\a.khawaja\.m2\repository\org\seleniumhq\selenium\selenium-firefox-driver\4.0.0\selenium-firefox-driver-4.0.0.jar;C:\Users\a.khawaja\.m2\repository\org\seleniumhq\selenium\selenium-firefox-xpi-driver\4.0.0\selenium-firefox-xpi-driver-4.0.0.jar;C:\Users\a.khawaja\.m2\repository\org\seleniumhq\selenium\selenium-ie-driver\4.0.0\selenium-ie-driver-4.0.0.jar;C:\Users\a.khawaja\.m2\repository\org\seleniumhq\selenium\selenium-opera-driver\4.0.0\selenium-opera-driver-4.0.0.jar;C:\Users\a.khawaja\.m2\repository\org\seleniumhq\selenium\selenium-remote-driver\4.0.0\selenium-remote-driver-4.0.0.jar;C:\Users\a.khawaja\.m2\repository\io\netty\netty-buffer\4.1.68.Final\netty-buffer-4.1.68.Final.jar;C:\Users\a.khawaja\.m2\repository\io\netty\netty-codec-http\4.1.67.Final\netty-codec-http-4.1.67.Final.jar;C:\Users\a.khawaja\.m2\repository\io\netty\netty-codec\4.1.67.Final\netty-codec-4.1.67.Final.jar;C:\Users\a.khawaja\.m2\repository\io\netty\netty-handler\4.1.67.Final\netty-handler-4.1.67.Final.jar;C:\Users\a.khawaja\.m2\repository\io\netty\netty-common\4.1.68.Final\netty-common-4.1.68.Final.jar;C:\Users\a.khawaja\.m2\repository\io\netty\netty-transport-native-epoll\4.1.67.Final\netty-transport-native-epoll-4.1.67.Final.jar;C:\Users\a.khawaja\.m2\repository\io\netty\netty-transport-native-kqueue\4.1.67.Final\netty-transport-native-kqueue-4.1.67.Final.jar;C:\Users\a.khawaja\.m2\repository\io\netty\netty-transport-native-unix-common\4.1.67.Final\netty-transport-native-unix-common-4.1.67.Final.jar;C:\Users\a.khawaja\.m2\repository\io\netty\netty-transport\4.1.68.Final\netty-transport-4.1.68.Final.jar;C:\Users\a.khawaja\.m2\repository\io\netty\netty-resolver\4.1.68.Final\netty-resolver-4.1.68.Final.jar;C:\Users\a.khawaja\.m2\repository\io\opentelemetry\opentelemetry-api\1.6.0\opentelemetry-api-1.6.0.jar;C:\Users\a.khawaja\.m2\repository\io\opentelemetry\opentelemetry-context\1.6.0\opentelemetry-context-1.6.0.jar;C:\Users\a.khawaja\.m2\repository\io\opentelemetry\opentelemetry-exporter-logging\1.6.0\opentelemetry-exporter-logging-1.6.0.jar;C:\Users\a.khawaja\.m2\repository\io\opentelemetry\opentelemetry-sdk-metrics\1.6.0-alpha\opentelemetry-sdk-metrics-1.6.0-alpha.jar;C:\Users\a.khawaja\.m2\repository\io\opentelemetry\opentelemetry-sdk-common\1.6.0\opentelemetry-sdk-common-1.6.0.jar;C:\Users\a.khawaja\.m2\repository\io\opentelemetry\opentelemetry-sdk-extension-autoconfigure-spi\1.6.0\opentelemetry-sdk-extension-autoconfigure-spi-1.6.0.jar;C:\Users\a.khawaja\.m2\repository\io\opentelemetry\opentelemetry-sdk-extension-autoconfigure\1.6.0-alpha\opentelemetry-sdk-extension-autoconfigure-1.6.0-alpha.jar;C:\Users\a.khawaja\.m2\repository\io\opentelemetry\opentelemetry-sdk-trace\1.6.0\opentelemetry-sdk-trace-1.6.0.jar;C:\Users\a.khawaja\.m2\repository\io\opentelemetry\opentelemetry-api-metrics\1.6.0-alpha\opentelemetry-api-metrics-1.6.0-alpha.jar;C:\Users\a.khawaja\.m2\repository\io\opentelemetry\opentelemetry-sdk\1.6.0\opentelemetry-sdk-1.6.0.jar;C:\Users\a.khawaja\.m2\repository\io\opentelemetry\opentelemetry-semconv\1.6.0-alpha\opentelemetry-semconv-1.6.0-alpha.jar;C:\Users\a.khawaja\.m2\repository\io\ous\jtoml\2.0.0\jtoml-2.0.0.jar;C:\Users\a.khawaja\.m2\repository\net\bytebuddy\byte-buddy\1.11.19\byte-buddy-1.11.19.jar;C:\Users\a.khawaja\.m2\repository\org\apache\commons\commons-exec\1.3\commons-exec-1.3.jar;C:\Users\a.khawaja\.m2\repository\org\asynchttpclient\async-http-client\2.12.3\async-http-client-2.12.3.jar;C:\Users\a.khawaja\.m2\repository\org\asynchttpclient\async-http-client-netty-utils\2.12.3\async-http-client-netty-utils-2.12.3.jar;C:\Users\a.khawaja\.m2\repository\io\netty\netty-codec-socks\4.1.60.Final\netty-codec-socks-4.1.60.Final.jar;C:\Users\a.khawaja\.m2\repository\io\netty\netty-handler-proxy\4.1.60.Final\netty-handler-proxy-4.1.60.Final.jar;C:\Users\a.khawaja\.m2\repository\io\netty\netty-transport-native-epoll\4.1.60.Final\netty-transport-native-epoll-4.1.60.Final-linux-x86_64.jar;C:\Users\a.khawaja\.m2\repository\io\netty\netty-transport-native-kqueue\4.1.60.Final\netty-transport-native-kqueue-4.1.60.Final-osx-x86_64.jar;C:\Users\a.khawaja\.m2\repository\org\reactivestreams\reactive-streams\1.0.3\reactive-streams-1.0.3.jar;C:\Users\a.khawaja\.m2\repository\com\typesafe\netty\netty-reactive-streams\2.0.4\netty-reactive-streams-2.0.4.jar;C:\Users\a.khawaja\.m2\repository\com\sun\activation\jakarta.activation\1.2.2\jakarta.activation-1.2.2.jar;C:\Users\a.khawaja\.m2\repository\org\seleniumhq\selenium\selenium-http\4.0.0\selenium-http-4.0.0.jar;C:\Users\a.khawaja\.m2\repository\org\seleniumhq\selenium\selenium-safari-driver\4.0.0\selenium-safari-driver-4.0.0.jar;C:\Users\a.khawaja\.m2\repository\org\seleniumhq\selenium\selenium-support\4.0.0\selenium-support-4.0.0.jar;C:\Users\a.khawaja\.m2\repository\log4j\log4j\1.2.17\log4j-1.2.17.jar;C:\Users\a.khawaja\.m2\repository\com\relevantcodes\extentreports\2.41.2\extentreports-2.41.2.jar;C:\Users\a.khawaja\.m2\repository\org\xerial\sqlite-jdbc\3.8.11.1\sqlite-jdbc-3.8.11.1.jar;C:\Users\a.khawaja\.m2\repository\org\freemarker\freemarker\2.3.23\freemarker-2.3.23.jar;C:\Users\a.khawaja\.m2\repository\org\mongodb\mongodb-driver\3.0.4\mongodb-driver-3.0.4.jar;C:\Users\a.khawaja\.m2\repository\org\mongodb\bson\3.0.4\bson-3.0.4.jar;C:\Users\a.khawaja\.m2\repository\org\mongodb\mongodb-driver-core\3.0.4\mongodb-driver-core-3.0.4.jar;C:\Users\a.khawaja\.m2\repository\org\slf4j\slf4j-simple\1.7.32\slf4j-simple-1.7.32.jar;"/>
    <property name="java.vm.vendor" value="Oracle Corporation"/>
    <property name="sun.arch.data.model" value="64"/>
    <property name="user.variant" value=""/>
    <property name="java.vendor.url" value="http://java.oracle.com/"/>
    <property name="user.timezone" value="Europe/Berlin"/>
    <property name="testngfile" value="testng.xml"/>
    <property name="java.vm.specification.version" value="1.8"/>
    <property name="os.name" value="Windows 10"/>
    <property name="user.country" value="DE"/>
    <property name="sun.java.launcher" value="SUN_STANDARD"/>
    <property name="sun.boot.library.path" value="C:\Program Files\Java\jdk1.8.0_301\jre\bin"/>
    <property name="sun.java.command" value="C:\Users\a.khawaja\AppData\Local\Temp\surefire8483658440653588727\surefirebooter5657438901112712253.jar C:\Users\a.khawaja\AppData\Local\Temp\surefire8483658440653588727 2022-01-06T15-46-04_944-jvmRun1 surefire4065066261888750300tmp surefire_05122470974614759643tmp"/>
    <property name="surefire.test.class.path" value="C:\Users\a.khawaja\IdeaProjects\Miro\target\test-classes;C:\Users\a.khawaja\IdeaProjects\Miro\target\classes;C:\Users\a.khawaja\.m2\repository\org\testng\testng\6.14.3\testng-6.14.3.jar;C:\Users\a.khawaja\.m2\repository\com\beust\jcommander\1.72\jcommander-1.72.jar;C:\Users\a.khawaja\.m2\repository\org\apache-extras\beanshell\bsh\2.0b6\bsh-2.0b6.jar;C:\Users\a.khawaja\.m2\repository\io\github\bonigarcia\webdrivermanager\5.0.3\webdrivermanager-5.0.3.jar;C:\Users\a.khawaja\.m2\repository\org\slf4j\slf4j-api\1.7.32\slf4j-api-1.7.32.jar;C:\Users\a.khawaja\.m2\repository\com\google\code\gson\gson\2.8.8\gson-2.8.8.jar;C:\Users\a.khawaja\.m2\repository\org\jsoup\jsoup\1.14.2\jsoup-1.14.2.jar;C:\Users\a.khawaja\.m2\repository\com\github\docker-java\docker-java\3.2.12\docker-java-3.2.12.jar;C:\Users\a.khawaja\.m2\repository\com\github\docker-java\docker-java-core\3.2.12\docker-java-core-3.2.12.jar;C:\Users\a.khawaja\.m2\repository\com\github\docker-java\docker-java-api\3.2.12\docker-java-api-3.2.12.jar;C:\Users\a.khawaja\.m2\repository\com\fasterxml\jackson\core\jackson-annotations\2.10.3\jackson-annotations-2.10.3.jar;C:\Users\a.khawaja\.m2\repository\org\apache\commons\commons-compress\1.21\commons-compress-1.21.jar;C:\Users\a.khawaja\.m2\repository\commons-lang\commons-lang\2.6\commons-lang-2.6.jar;C:\Users\a.khawaja\.m2\repository\com\fasterxml\jackson\core\jackson-databind\2.10.3\jackson-databind-2.10.3.jar;C:\Users\a.khawaja\.m2\repository\com\fasterxml\jackson\core\jackson-core\2.10.3\jackson-core-2.10.3.jar;C:\Users\a.khawaja\.m2\repository\org\bouncycastle\bcpkix-jdk15on\1.64\bcpkix-jdk15on-1.64.jar;C:\Users\a.khawaja\.m2\repository\org\bouncycastle\bcprov-jdk15on\1.64\bcprov-jdk15on-1.64.jar;C:\Users\a.khawaja\.m2\repository\org\slf4j\jcl-over-slf4j\1.7.30\jcl-over-slf4j-1.7.30.jar;C:\Users\a.khawaja\.m2\repository\com\github\docker-java\docker-java-transport-httpclient5\3.2.12\docker-java-transport-httpclient5-3.2.12.jar;C:\Users\a.khawaja\.m2\repository\com\github\docker-java\docker-java-transport\3.2.12\docker-java-transport-3.2.12.jar;C:\Users\a.khawaja\.m2\repository\org\apache\httpcomponents\client5\httpclient5\5.0.3\httpclient5-5.0.3.jar;C:\Users\a.khawaja\.m2\repository\org\apache\httpcomponents\core5\httpcore5\5.0.2\httpcore5-5.0.2.jar;C:\Users\a.khawaja\.m2\repository\commons-codec\commons-codec\1.13\commons-codec-1.13.jar;C:\Users\a.khawaja\.m2\repository\net\java\dev\jna\jna\5.8.0\jna-5.8.0.jar;C:\Users\a.khawaja\.m2\repository\com\google\guava\guava\30.1.1-jre\guava-30.1.1-jre.jar;C:\Users\a.khawaja\.m2\repository\com\google\guava\failureaccess\1.0.1\failureaccess-1.0.1.jar;C:\Users\a.khawaja\.m2\repository\com\google\guava\listenablefuture\9999.0-empty-to-avoid-conflict-with-guava\listenablefuture-9999.0-empty-to-avoid-conflict-with-guava.jar;C:\Users\a.khawaja\.m2\repository\com\google\code\findbugs\jsr305\3.0.2\jsr305-3.0.2.jar;C:\Users\a.khawaja\.m2\repository\org\checkerframework\checker-qual\3.8.0\checker-qual-3.8.0.jar;C:\Users\a.khawaja\.m2\repository\com\google\errorprone\error_prone_annotations\2.5.1\error_prone_annotations-2.5.1.jar;C:\Users\a.khawaja\.m2\repository\com\google\j2objc\j2objc-annotations\1.3\j2objc-annotations-1.3.jar;C:\Users\a.khawaja\.m2\repository\org\brotli\dec\0.1.2\dec-0.1.2.jar;C:\Users\a.khawaja\.m2\repository\org\apache\poi\poi\3.6\poi-3.6.jar;C:\Users\a.khawaja\.m2\repository\commons-logging\commons-logging\1.1\commons-logging-1.1.jar;C:\Users\a.khawaja\.m2\repository\logkit\logkit\1.0.1\logkit-1.0.1.jar;C:\Users\a.khawaja\.m2\repository\avalon-framework\avalon-framework\4.1.3\avalon-framework-4.1.3.jar;C:\Users\a.khawaja\.m2\repository\javax\servlet\servlet-api\2.3\servlet-api-2.3.jar;C:\Users\a.khawaja\.m2\repository\org\apache\poi\poi-ooxml\3.6\poi-ooxml-3.6.jar;C:\Users\a.khawaja\.m2\repository\org\apache\poi\poi-ooxml-schemas\3.6\poi-ooxml-schemas-3.6.jar;C:\Users\a.khawaja\.m2\repository\org\apache\geronimo\specs\geronimo-stax-api_1.0_spec\1.0\geronimo-stax-api_1.0_spec-1.0.jar;C:\Users\a.khawaja\.m2\repository\dom4j\dom4j\1.1\dom4j-1.1.jar;C:\Users\a.khawaja\.m2\repository\org\apache\xmlbeans\xmlbeans\2.3.0\xmlbeans-2.3.0.jar;C:\Users\a.khawaja\.m2\repository\stax\stax-api\1.0.1\stax-api-1.0.1.jar;C:\Users\a.khawaja\.m2\repository\commons-io\commons-io\2.6\commons-io-2.6.jar;C:\Users\a.khawaja\.m2\repository\org\seleniumhq\selenium\selenium-java\4.0.0\selenium-java-4.0.0.jar;C:\Users\a.khawaja\.m2\repository\org\seleniumhq\selenium\selenium-api\4.0.0\selenium-api-4.0.0.jar;C:\Users\a.khawaja\.m2\repository\org\seleniumhq\selenium\selenium-chrome-driver\4.0.0\selenium-chrome-driver-4.0.0.jar;C:\Users\a.khawaja\.m2\repository\com\google\auto\service\auto-service-annotations\1.0\auto-service-annotations-1.0.jar;C:\Users\a.khawaja\.m2\repository\com\google\auto\service\auto-service\1.0\auto-service-1.0.jar;C:\Users\a.khawaja\.m2\repository\com\google\auto\auto-common\1.0\auto-common-1.0.jar;C:\Users\a.khawaja\.m2\repository\org\seleniumhq\selenium\selenium-chromium-driver\4.0.0\selenium-chromium-driver-4.0.0.jar;C:\Users\a.khawaja\.m2\repository\org\seleniumhq\selenium\selenium-json\4.0.0\selenium-json-4.0.0.jar;C:\Users\a.khawaja\.m2\repository\org\seleniumhq\selenium\selenium-devtools-v85\4.0.0\selenium-devtools-v85-4.0.0.jar;C:\Users\a.khawaja\.m2\repository\org\seleniumhq\selenium\selenium-devtools-v93\4.0.0\selenium-devtools-v93-4.0.0.jar;C:\Users\a.khawaja\.m2\repository\org\seleniumhq\selenium\selenium-devtools-v94\4.0.0\selenium-devtools-v94-4.0.0.jar;C:\Users\a.khawaja\.m2\repository\org\seleniumhq\selenium\selenium-devtools-v95\4.0.0\selenium-devtools-v95-4.0.0.jar;C:\Users\a.khawaja\.m2\repository\org\seleniumhq\selenium\selenium-edge-driver\4.0.0\selenium-edge-driver-4.0.0.jar;C:\Users\a.khawaja\.m2\repository\org\seleniumhq\selenium\selenium-firefox-driver\4.0.0\selenium-firefox-driver-4.0.0.jar;C:\Users\a.khawaja\.m2\repository\org\seleniumhq\selenium\selenium-firefox-xpi-driver\4.0.0\selenium-firefox-xpi-driver-4.0.0.jar;C:\Users\a.khawaja\.m2\repository\org\seleniumhq\selenium\selenium-ie-driver\4.0.0\selenium-ie-driver-4.0.0.jar;C:\Users\a.khawaja\.m2\repository\org\seleniumhq\selenium\selenium-opera-driver\4.0.0\selenium-opera-driver-4.0.0.jar;C:\Users\a.khawaja\.m2\repository\org\seleniumhq\selenium\selenium-remote-driver\4.0.0\selenium-remote-driver-4.0.0.jar;C:\Users\a.khawaja\.m2\repository\io\netty\netty-buffer\4.1.68.Final\netty-buffer-4.1.68.Final.jar;C:\Users\a.khawaja\.m2\repository\io\netty\netty-codec-http\4.1.67.Final\netty-codec-http-4.1.67.Final.jar;C:\Users\a.khawaja\.m2\repository\io\netty\netty-codec\4.1.67.Final\netty-codec-4.1.67.Final.jar;C:\Users\a.khawaja\.m2\repository\io\netty\netty-handler\4.1.67.Final\netty-handler-4.1.67.Final.jar;C:\Users\a.khawaja\.m2\repository\io\netty\netty-common\4.1.68.Final\netty-common-4.1.68.Final.jar;C:\Users\a.khawaja\.m2\repository\io\netty\netty-transport-native-epoll\4.1.67.Final\netty-transport-native-epoll-4.1.67.Final.jar;C:\Users\a.khawaja\.m2\repository\io\netty\netty-transport-native-kqueue\4.1.67.Final\netty-transport-native-kqueue-4.1.67.Final.jar;C:\Users\a.khawaja\.m2\repository\io\netty\netty-transport-native-unix-common\4.1.67.Final\netty-transport-native-unix-common-4.1.67.Final.jar;C:\Users\a.khawaja\.m2\repository\io\netty\netty-transport\4.1.68.Final\netty-transport-4.1.68.Final.jar;C:\Users\a.khawaja\.m2\repository\io\netty\netty-resolver\4.1.68.Final\netty-resolver-4.1.68.Final.jar;C:\Users\a.khawaja\.m2\repository\io\opentelemetry\opentelemetry-api\1.6.0\opentelemetry-api-1.6.0.jar;C:\Users\a.khawaja\.m2\repository\io\opentelemetry\opentelemetry-context\1.6.0\opentelemetry-context-1.6.0.jar;C:\Users\a.khawaja\.m2\repository\io\opentelemetry\opentelemetry-exporter-logging\1.6.0\opentelemetry-exporter-logging-1.6.0.jar;C:\Users\a.khawaja\.m2\repository\io\opentelemetry\opentelemetry-sdk-metrics\1.6.0-alpha\opentelemetry-sdk-metrics-1.6.0-alpha.jar;C:\Users\a.khawaja\.m2\repository\io\opentelemetry\opentelemetry-sdk-common\1.6.0\opentelemetry-sdk-common-1.6.0.jar;C:\Users\a.khawaja\.m2\repository\io\opentelemetry\opentelemetry-sdk-extension-autoconfigure-spi\1.6.0\opentelemetry-sdk-extension-autoconfigure-spi-1.6.0.jar;C:\Users\a.khawaja\.m2\repository\io\opentelemetry\opentelemetry-sdk-extension-autoconfigure\1.6.0-alpha\opentelemetry-sdk-extension-autoconfigure-1.6.0-alpha.jar;C:\Users\a.khawaja\.m2\repository\io\opentelemetry\opentelemetry-sdk-trace\1.6.0\opentelemetry-sdk-trace-1.6.0.jar;C:\Users\a.khawaja\.m2\repository\io\opentelemetry\opentelemetry-api-metrics\1.6.0-alpha\opentelemetry-api-metrics-1.6.0-alpha.jar;C:\Users\a.khawaja\.m2\repository\io\opentelemetry\opentelemetry-sdk\1.6.0\opentelemetry-sdk-1.6.0.jar;C:\Users\a.khawaja\.m2\repository\io\opentelemetry\opentelemetry-semconv\1.6.0-alpha\opentelemetry-semconv-1.6.0-alpha.jar;C:\Users\a.khawaja\.m2\repository\io\ous\jtoml\2.0.0\jtoml-2.0.0.jar;C:\Users\a.khawaja\.m2\repository\net\bytebuddy\byte-buddy\1.11.19\byte-buddy-1.11.19.jar;C:\Users\a.khawaja\.m2\repository\org\apache\commons\commons-exec\1.3\commons-exec-1.3.jar;C:\Users\a.khawaja\.m2\repository\org\asynchttpclient\async-http-client\2.12.3\async-http-client-2.12.3.jar;C:\Users\a.khawaja\.m2\repository\org\asynchttpclient\async-http-client-netty-utils\2.12.3\async-http-client-netty-utils-2.12.3.jar;C:\Users\a.khawaja\.m2\repository\io\netty\netty-codec-socks\4.1.60.Final\netty-codec-socks-4.1.60.Final.jar;C:\Users\a.khawaja\.m2\repository\io\netty\netty-handler-proxy\4.1.60.Final\netty-handler-proxy-4.1.60.Final.jar;C:\Users\a.khawaja\.m2\repository\io\netty\netty-transport-native-epoll\4.1.60.Final\netty-transport-native-epoll-4.1.60.Final-linux-x86_64.jar;C:\Users\a.khawaja\.m2\repository\io\netty\netty-transport-native-kqueue\4.1.60.Final\netty-transport-native-kqueue-4.1.60.Final-osx-x86_64.jar;C:\Users\a.khawaja\.m2\repository\org\reactivestreams\reactive-streams\1.0.3\reactive-streams-1.0.3.jar;C:\Users\a.khawaja\.m2\repository\com\typesafe\netty\netty-reactive-streams\2.0.4\netty-reactive-streams-2.0.4.jar;C:\Users\a.khawaja\.m2\repository\com\sun\activation\jakarta.activation\1.2.2\jakarta.activation-1.2.2.jar;C:\Users\a.khawaja\.m2\repository\org\seleniumhq\selenium\selenium-http\4.0.0\selenium-http-4.0.0.jar;C:\Users\a.khawaja\.m2\repository\org\seleniumhq\selenium\selenium-safari-driver\4.0.0\selenium-safari-driver-4.0.0.jar;C:\Users\a.khawaja\.m2\repository\org\seleniumhq\selenium\selenium-support\4.0.0\selenium-support-4.0.0.jar;C:\Users\a.khawaja\.m2\repository\log4j\log4j\1.2.17\log4j-1.2.17.jar;C:\Users\a.khawaja\.m2\repository\com\relevantcodes\extentreports\2.41.2\extentreports-2.41.2.jar;C:\Users\a.khawaja\.m2\repository\org\xerial\sqlite-jdbc\3.8.11.1\sqlite-jdbc-3.8.11.1.jar;C:\Users\a.khawaja\.m2\repository\org\freemarker\freemarker\2.3.23\freemarker-2.3.23.jar;C:\Users\a.khawaja\.m2\repository\org\mongodb\mongodb-driver\3.0.4\mongodb-driver-3.0.4.jar;C:\Users\a.khawaja\.m2\repository\org\mongodb\bson\3.0.4\bson-3.0.4.jar;C:\Users\a.khawaja\.m2\repository\org\mongodb\mongodb-driver-core\3.0.4\mongodb-driver-core-3.0.4.jar;C:\Users\a.khawaja\.m2\repository\org\slf4j\slf4j-simple\1.7.32\slf4j-simple-1.7.32.jar;"/>
    <property name="sun.cpu.endian" value="little"/>
    <property name="user.home" value="C:\Users\a.khawaja"/>
    <property name="user.language" value="de"/>
    <property name="java.specification.vendor" value="Oracle Corporation"/>
    <property name="java.home" value="C:\Program Files\Java\jdk1.8.0_301\jre"/>
    <property name="basedir" value="C:\Users\a.khawaja\IdeaProjects\Miro"/>
    <property name="file.separator" value="\"/>
    <property name="line.separator" value="&#10;"/>
    <property name="java.vm.specification.vendor" value="Oracle Corporation"/>
    <property name="java.specification.name" value="Java Platform API Specification"/>
    <property name="java.awt.graphicsenv" value="sun.awt.Win32GraphicsEnvironment"/>
    <property name="surefire.real.class.path" value="C:\Users\a.khawaja\AppData\Local\Temp\surefire8483658440653588727\surefirebooter5657438901112712253.jar"/>
    <property name="sun.boot.class.path" value="C:\Program Files\Java\jdk1.8.0_301\jre\lib\resources.jar;C:\Program Files\Java\jdk1.8.0_301\jre\lib\rt.jar;C:\Program Files\Java\jdk1.8.0_301\jre\lib\sunrsasign.jar;C:\Program Files\Java\jdk1.8.0_301\jre\lib\jsse.jar;C:\Program Files\Java\jdk1.8.0_301\jre\lib\jce.jar;C:\Program Files\Java\jdk1.8.0_301\jre\lib\charsets.jar;C:\Program Files\Java\jdk1.8.0_301\jre\lib\jfr.jar;C:\Program Files\Java\jdk1.8.0_301\jre\classes"/>
    <property name="user.script" value=""/>
    <property name="sun.management.compiler" value="HotSpot 64-Bit Tiered Compilers"/>
    <property name="java.runtime.version" value="1.8.0_301-b09"/>
    <property name="user.name" value="a.khawaja"/>
    <property name="path.separator" value=";"/>
    <property name="os.version" value="10.0"/>
    <property name="java.endorsed.dirs" value="C:\Program Files\Java\jdk1.8.0_301\jre\lib\endorsed"/>
    <property name="java.runtime.name" value="Java(TM) SE Runtime Environment"/>
    <property name="file.encoding" value="Cp1252"/>
    <property name="sun.nio.ch.bugLevel" value=""/>
    <property name="java.vm.name" value="Java HotSpot(TM) 64-Bit Server VM"/>
    <property name="localRepository" value="C:\Users\a.khawaja\.m2\repository"/>
    <property name="java.vendor.url.bug" value="http://bugreport.sun.com/bugreport/"/>
    <property name="java.io.tmpdir" value="C:\Users\AEBB2~1.KHA\AppData\Local\Temp\"/>
    <property name="java.version" value="1.8.0_301"/>
    <property name="user.dir" value="C:\Users\a.khawaja\IdeaProjects\Miro"/>
    <property name="os.arch" value="amd64"/>
    <property name="java.vm.specification.name" value="Java Virtual Machine Specification"/>
    <property name="java.awt.printerjob" value="sun.awt.windows.WPrinterJob"/>
    <property name="sun.os.patch.level" value=""/>
    <property name="java.library.path" value="C:\Program Files\Java\jdk1.8.0_301\jre\bin;C:\WINDOWS\Sun\Java\bin;C:\WINDOWS\system32;C:\WINDOWS;C:\Program Files (x86)\Common Files\Oracle\Java\javapath;C:\WINDOWS\system32;C:\WINDOWS;C:\WINDOWS\System32\Wbem;C:\WINDOWS\System32\WindowsPowerShell\v1.0\;C:\WINDOWS\System32\OpenSSH\;C:\Program Files\Java\jdk1.8.0_301\bin;C:\Program Files\apache-maven-3.8.3-bin\apache-maven-3.8.3\bin;C:\Program Files\nodejs\;C:\ProgramData\chocolatey\bin;C:\Program Files\apache-maven-3.8.3-bin\apache-maven-3.8.3\bin;C:\Users\a.khawaja\AppData\Local\Android\Sdk\cmdline-tools\latest\bin;C:\Users\a.khawaja\AppData\Local\Android\Sdk\platform-tools;C:\Users\a.khawaja\AppData\Local\Android\Sdk\tools;C:\Users\a.khawaja\AppData\Local\Android\Sdk\tools\bin;C:\Users\a.khawaja\AppData\Local\Android\Sdk\tools\lib\x86_64\swt.jar;;C:\Program Files\Docker\Docker\resources\bin;C:\ProgramData\DockerDesktop\version-bin;C:\Program Files\dotnet\;C:\Users\a.khawaja\AppData\Local\Programs\Python\Python39\Scripts\;C:\Users\a.khawaja\AppData\Local\Programs\Python\Python39\;C:\Users\a.khawaja\AppData\Local\Microsoft\WindowsApps;C:\Users\a.khawaja\AppData\Local\Programs\Git\cmd;C:\Users\a.khawaja\AppData\Roaming\npm;C:\Users\a.khawaja\AppData\Local\Programs\Microsoft VS Code\bin;."/>
    <property name="java.vm.info" value="mixed mode"/>
    <property name="java.vendor" value="Oracle Corporation"/>
    <property name="java.vm.version" value="25.301-b09"/>
    <property name="java.ext.dirs" value="C:\Program Files\Java\jdk1.8.0_301\jre\lib\ext;C:\WINDOWS\Sun\Java\lib\ext"/>
    <property name="sun.io.unicode.encoding" value="UnicodeLittle"/>
    <property name="java.class.version" value="52.0"/>
  </properties>
  <testcase name="SignUpPage[{Username=Test username, Password=12345678, Description=Happy path, Email=ProperEmail1111@gmail.com}](1)" classname="tests.SignUpTest" time="16.795">
    <failure message="expected [true] but found [false]" type="java.lang.AssertionError"><![CDATA[java.lang.AssertionError: expected [true] but found [false]
	at tests.SignUpTest.SignUpPage(SignUpTest.java:28)
]]></failure>
    <system-out><![CDATA[2022-01-06 15:46:06 INFO  TestBase: BasePage.TestBase :63 - Initializing all elements
SignUpTest
Test starts from row - 1
Total rows are  - 4
Total cols are  - 4
2022-01-06 15:46:06 INFO  TestBase: BasePage.TestBase :140 - Running on Windows Operating System with chrome browser
2022-01-06 15:46:15 INFO  PageBase: pages.PageBase :57 - Executing waitForElementTobeClickable command for the element: [[ChromeDriver: chrome on WINDOWS (9c06b4e6e19d35dbab83b2921609363f)] -> xpath: //button[@id='onetrust-accept-btn-handler']]
2022-01-06 15:46:15 INFO  PageBase: pages.PageBase :60 - Waiting for the element:[[ChromeDriver: chrome on WINDOWS (9c06b4e6e19d35dbab83b2921609363f)] -> xpath: //button[@id='onetrust-accept-btn-handler']] to be clickable
2022-01-06 15:46:15 INFO  PageBase: pages.PageBase :75 - Executing isElementPresent command on the element: [[ChromeDriver: chrome on WINDOWS (9c06b4e6e19d35dbab83b2921609363f)] -> xpath: //button[@id='onetrust-accept-btn-handler']]
2022-01-06 15:46:15 INFO  PageBase: pages.PageBase :94 - Executing CLICK command on the element: [[ChromeDriver: chrome on WINDOWS (9c06b4e6e19d35dbab83b2921609363f)] -> xpath: //button[@id='onetrust-accept-btn-handler']]
2022-01-06 15:46:15 INFO  PageBase: pages.PageBase :75 - Executing isElementPresent command on the element: [[ChromeDriver: chrome on WINDOWS (9c06b4e6e19d35dbab83b2921609363f)] -> xpath: //button[@id='onetrust-accept-btn-handler']]
2022-01-06 15:46:15 INFO  PageBase: pages.PageBase :57 - Executing waitForElementTobeClickable command for the element: [[ChromeDriver: chrome on WINDOWS (9c06b4e6e19d35dbab83b2921609363f)] -> xpath: //button[@id='onetrust-accept-btn-handler']]
2022-01-06 15:46:15 INFO  PageBase: pages.PageBase :60 - Waiting for the element:[[ChromeDriver: chrome on WINDOWS (9c06b4e6e19d35dbab83b2921609363f)] -> xpath: //button[@id='onetrust-accept-btn-handler']] to be clickable
2022-01-06 15:46:15 INFO  PageBase: pages.PageBase :57 - Executing waitForElementTobeClickable command for the element: [[ChromeDriver: chrome on WINDOWS (9c06b4e6e19d35dbab83b2921609363f)] -> xpath: //input[@id='name']]
2022-01-06 15:46:15 INFO  PageBase: pages.PageBase :60 - Waiting for the element:[[ChromeDriver: chrome on WINDOWS (9c06b4e6e19d35dbab83b2921609363f)] -> xpath: //input[@id='name']] to be clickable
2022-01-06 15:46:15 INFO  PageBase: pages.PageBase :75 - Executing isElementPresent command on the element: [[ChromeDriver: chrome on WINDOWS (9c06b4e6e19d35dbab83b2921609363f)] -> xpath: //input[@id='name']]
2022-01-06 15:46:15 INFO  PageBase: pages.PageBase :44 - Executing INPUT text command for the element:[[ChromeDriver: chrome on WINDOWS (9c06b4e6e19d35dbab83b2921609363f)] -> xpath: //input[@id='name']] with value: Test username
2022-01-06 15:46:15 INFO  PageBase: pages.PageBase :57 - Executing waitForElementTobeClickable command for the element: [[ChromeDriver: chrome on WINDOWS (9c06b4e6e19d35dbab83b2921609363f)] -> xpath: //input[@id='name']]
2022-01-06 15:46:15 INFO  PageBase: pages.PageBase :60 - Waiting for the element:[[ChromeDriver: chrome on WINDOWS (9c06b4e6e19d35dbab83b2921609363f)] -> xpath: //input[@id='name']] to be clickable
2022-01-06 15:46:15 INFO  PageBase: pages.PageBase :57 - Executing waitForElementTobeClickable command for the element: [[ChromeDriver: chrome on WINDOWS (9c06b4e6e19d35dbab83b2921609363f)] -> xpath: //input[@id='email']]
2022-01-06 15:46:15 INFO  PageBase: pages.PageBase :60 - Waiting for the element:[[ChromeDriver: chrome on WINDOWS (9c06b4e6e19d35dbab83b2921609363f)] -> xpath: //input[@id='email']] to be clickable
2022-01-06 15:46:16 INFO  PageBase: pages.PageBase :75 - Executing isElementPresent command on the element: [[ChromeDriver: chrome on WINDOWS (9c06b4e6e19d35dbab83b2921609363f)] -> xpath: //input[@id='email']]
2022-01-06 15:46:16 INFO  PageBase: pages.PageBase :44 - Executing INPUT text command for the element:[[ChromeDriver: chrome on WINDOWS (9c06b4e6e19d35dbab83b2921609363f)] -> xpath: //input[@id='email']] with value: ProperEmail1111@gmail.com
2022-01-06 15:46:16 INFO  PageBase: pages.PageBase :57 - Executing waitForElementTobeClickable command for the element: [[ChromeDriver: chrome on WINDOWS (9c06b4e6e19d35dbab83b2921609363f)] -> xpath: //input[@id='email']]
2022-01-06 15:46:16 INFO  PageBase: pages.PageBase :60 - Waiting for the element:[[ChromeDriver: chrome on WINDOWS (9c06b4e6e19d35dbab83b2921609363f)] -> xpath: //input[@id='email']] to be clickable
2022-01-06 15:46:16 INFO  PageBase: pages.PageBase :57 - Executing waitForElementTobeClickable command for the element: [[ChromeDriver: chrome on WINDOWS (9c06b4e6e19d35dbab83b2921609363f)] -> xpath: //input[@id='password']]
2022-01-06 15:46:16 INFO  PageBase: pages.PageBase :60 - Waiting for the element:[[ChromeDriver: chrome on WINDOWS (9c06b4e6e19d35dbab83b2921609363f)] -> xpath: //input[@id='password']] to be clickable
2022-01-06 15:46:16 INFO  PageBase: pages.PageBase :75 - Executing isElementPresent command on the element: [[ChromeDriver: chrome on WINDOWS (9c06b4e6e19d35dbab83b2921609363f)] -> xpath: //input[@id='password']]
2022-01-06 15:46:16 INFO  PageBase: pages.PageBase :44 - Executing INPUT text command for the element:[[ChromeDriver: chrome on WINDOWS (9c06b4e6e19d35dbab83b2921609363f)] -> xpath: //input[@id='password']] with value: 12345678
2022-01-06 15:46:16 INFO  PageBase: pages.PageBase :57 - Executing waitForElementTobeClickable command for the element: [[ChromeDriver: chrome on WINDOWS (9c06b4e6e19d35dbab83b2921609363f)] -> xpath: //input[@id='password']]
2022-01-06 15:46:16 INFO  PageBase: pages.PageBase :60 - Waiting for the element:[[ChromeDriver: chrome on WINDOWS (9c06b4e6e19d35dbab83b2921609363f)] -> xpath: //input[@id='password']] to be clickable
2022-01-06 15:46:16 INFO  PageBase: pages.PageBase :57 - Executing waitForElementTobeClickable command for the element: [[ChromeDriver: chrome on WINDOWS (9c06b4e6e19d35dbab83b2921609363f)] -> xpath: //div[@class='signup__checkbox-wrap']//div[@class='mr-checkbox-1']//span[@class='mr-checkbox-1__wrap']//label[@class='mr-checkbox-1__check']]
2022-01-06 15:46:16 INFO  PageBase: pages.PageBase :60 - Waiting for the element:[[ChromeDriver: chrome on WINDOWS (9c06b4e6e19d35dbab83b2921609363f)] -> xpath: //div[@class='signup__checkbox-wrap']//div[@class='mr-checkbox-1']//span[@class='mr-checkbox-1__wrap']//label[@class='mr-checkbox-1__check']] to be clickable
2022-01-06 15:46:16 INFO  PageBase: pages.PageBase :94 - Executing CLICK command on the element: [[ChromeDriver: chrome on WINDOWS (9c06b4e6e19d35dbab83b2921609363f)] -> xpath: //div[@class='signup__checkbox-wrap']//div[@class='mr-checkbox-1']//span[@class='mr-checkbox-1__wrap']//label[@class='mr-checkbox-1__check']]
2022-01-06 15:46:16 INFO  PageBase: pages.PageBase :75 - Executing isElementPresent command on the element: [[ChromeDriver: chrome on WINDOWS (9c06b4e6e19d35dbab83b2921609363f)] -> xpath: //div[@class='signup__checkbox-wrap']//div[@class='mr-checkbox-1']//span[@class='mr-checkbox-1__wrap']//label[@class='mr-checkbox-1__check']]
2022-01-06 15:46:16 INFO  PageBase: pages.PageBase :57 - Executing waitForElementTobeClickable command for the element: [[ChromeDriver: chrome on WINDOWS (9c06b4e6e19d35dbab83b2921609363f)] -> xpath: //div[@class='signup__checkbox-wrap']//div[@class='mr-checkbox-1']//span[@class='mr-checkbox-1__wrap']//label[@class='mr-checkbox-1__check']]
2022-01-06 15:46:16 INFO  PageBase: pages.PageBase :60 - Waiting for the element:[[ChromeDriver: chrome on WINDOWS (9c06b4e6e19d35dbab83b2921609363f)] -> xpath: //div[@class='signup__checkbox-wrap']//div[@class='mr-checkbox-1']//span[@class='mr-checkbox-1__wrap']//label[@class='mr-checkbox-1__check']] to be clickable
2022-01-06 15:46:16 INFO  PageBase: pages.PageBase :57 - Executing waitForElementTobeClickable command for the element: [[ChromeDriver: chrome on WINDOWS (9c06b4e6e19d35dbab83b2921609363f)] -> xpath: //label[@class='mr-checkbox-1__check ']]
2022-01-06 15:46:16 INFO  PageBase: pages.PageBase :60 - Waiting for the element:[[ChromeDriver: chrome on WINDOWS (9c06b4e6e19d35dbab83b2921609363f)] -> xpath: //label[@class='mr-checkbox-1__check ']] to be clickable
2022-01-06 15:46:16 INFO  PageBase: pages.PageBase :94 - Executing CLICK command on the element: [[ChromeDriver: chrome on WINDOWS (9c06b4e6e19d35dbab83b2921609363f)] -> xpath: //label[@class='mr-checkbox-1__check ']]
2022-01-06 15:46:16 INFO  PageBase: pages.PageBase :75 - Executing isElementPresent command on the element: [[ChromeDriver: chrome on WINDOWS (9c06b4e6e19d35dbab83b2921609363f)] -> xpath: //label[@class='mr-checkbox-1__check ']]
2022-01-06 15:46:16 INFO  PageBase: pages.PageBase :57 - Executing waitForElementTobeClickable command for the element: [[ChromeDriver: chrome on WINDOWS (9c06b4e6e19d35dbab83b2921609363f)] -> xpath: //label[@class='mr-checkbox-1__check ']]
2022-01-06 15:46:16 INFO  PageBase: pages.PageBase :60 - Waiting for the element:[[ChromeDriver: chrome on WINDOWS (9c06b4e6e19d35dbab83b2921609363f)] -> xpath: //label[@class='mr-checkbox-1__check ']] to be clickable
2022-01-06 15:46:16 INFO  PageBase: pages.PageBase :57 - Executing waitForElementTobeClickable command for the element: [[ChromeDriver: chrome on WINDOWS (9c06b4e6e19d35dbab83b2921609363f)] -> xpath: //button[@type='submit']]
2022-01-06 15:46:16 INFO  PageBase: pages.PageBase :60 - Waiting for the element:[[ChromeDriver: chrome on WINDOWS (9c06b4e6e19d35dbab83b2921609363f)] -> xpath: //button[@type='submit']] to be clickable
2022-01-06 15:46:16 INFO  PageBase: pages.PageBase :94 - Executing CLICK command on the element: [[ChromeDriver: chrome on WINDOWS (9c06b4e6e19d35dbab83b2921609363f)] -> xpath: //button[@type='submit']]
2022-01-06 15:46:16 INFO  PageBase: pages.PageBase :75 - Executing isElementPresent command on the element: [[ChromeDriver: chrome on WINDOWS (9c06b4e6e19d35dbab83b2921609363f)] -> xpath: //button[@type='submit']]
2022-01-06 15:46:16 INFO  PageBase: pages.PageBase :57 - Executing waitForElementTobeClickable command for the element: [[ChromeDriver: chrome on WINDOWS (9c06b4e6e19d35dbab83b2921609363f)] -> xpath: //button[@type='submit']]
2022-01-06 15:46:16 INFO  PageBase: pages.PageBase :60 - Waiting for the element:[[ChromeDriver: chrome on WINDOWS (9c06b4e6e19d35dbab83b2921609363f)] -> xpath: //button[@type='submit']] to be clickable
2022-01-06 15:46:19 INFO  PageBase: pages.PageBase :113 - Executing waitForPageToLoad command
2022-01-06 15:46:19 INFO  PageBase: pages.PageBase :114 - Waiting for the page to load completely
2022-01-06 15:46:19 INFO  PageBase: pages.PageBase :120 - Page is loaded completely
2022-01-06 15:46:23 INFO  PageBase: pages.PageBase :75 - Executing isElementPresent command on the element: Proxy element for: DefaultElementLocator 'By.xpath: //input[@id='code']'
]]></system-out>
    <system-err><![CDATA[log4j:ERROR Could not find value for key log4j.appender.console
log4j:ERROR Could not instantiate appender named "console".
Jan 06, 2022 3:46:06 PM com.relevantcodes.extentreports.ExtentReports loadConfig
WARNUNG: Unable to perform report configuration. The file C:\Users\a.khawaja\IdeaProjects\Miro\ReportsConfig.xml was not found.
[main] INFO io.github.bonigarcia.wdm.WebDriverManager - Using chromedriver 96.0.4664.45 (resolved driver for Chrome 96)
[main] INFO io.github.bonigarcia.wdm.WebDriverManager - Exporting webdriver.chrome.driver as C:\Users\a.khawaja\.cache\selenium\chromedriver\win32\96.0.4664.45\chromedriver.exe
Starting ChromeDriver 96.0.4664.45 (76e4c1bb2ab4671b8beba3444e61c0f17584b2fc-refs/branch-heads/4664@{#947}) on port 60917
Only local connections are allowed.
Please see https://chromedriver.chromium.org/security-considerations for suggestions on keeping ChromeDriver safe.
ChromeDriver was started successfully.
Jan 06, 2022 3:46:09 PM org.openqa.selenium.remote.ProtocolHandshake createSession
INFORMATION: Detected dialect: W3C
Jan 06, 2022 3:46:09 PM org.openqa.selenium.devtools.CdpVersionFinder findNearestMatch
WARNUNG: Unable to find an exact match for CDP version 96, so returning the closest version found: 95
Jan 06, 2022 3:46:09 PM org.openqa.selenium.devtools.CdpVersionFinder findNearestMatch
INFORMATION: Found CDP implementation for version 96 of 95
]]></system-err>
  </testcase>
  <testcase name="SignUpPage[{Username=Test usern!_2321, Password=12345678, Description=Username Special characters, Email=Proper1112331@gmail.com}](2)" classname="tests.SignUpTest" time="12.559">
    <failure message="expected [true] but found [false]" type="java.lang.AssertionError"><![CDATA[java.lang.AssertionError: expected [true] but found [false]
	at tests.SignUpTest.SignUpPage(SignUpTest.java:28)
]]></failure>
    <system-out><![CDATA[2022-01-06 15:46:23 INFO  TestBase: BasePage.TestBase :140 - Running on Windows Operating System with chrome browser
2022-01-06 15:46:28 INFO  PageBase: pages.PageBase :57 - Executing waitForElementTobeClickable command for the element: [[ChromeDriver: chrome on WINDOWS (c9471286186c964f99c02f4ac2933495)] -> xpath: //button[@id='onetrust-accept-btn-handler']]
2022-01-06 15:46:28 INFO  PageBase: pages.PageBase :60 - Waiting for the element:[[ChromeDriver: chrome on WINDOWS (c9471286186c964f99c02f4ac2933495)] -> xpath: //button[@id='onetrust-accept-btn-handler']] to be clickable
2022-01-06 15:46:28 INFO  PageBase: pages.PageBase :75 - Executing isElementPresent command on the element: [[ChromeDriver: chrome on WINDOWS (c9471286186c964f99c02f4ac2933495)] -> xpath: //button[@id='onetrust-accept-btn-handler']]
2022-01-06 15:46:28 INFO  PageBase: pages.PageBase :94 - Executing CLICK command on the element: [[ChromeDriver: chrome on WINDOWS (c9471286186c964f99c02f4ac2933495)] -> xpath: //button[@id='onetrust-accept-btn-handler']]
2022-01-06 15:46:28 INFO  PageBase: pages.PageBase :75 - Executing isElementPresent command on the element: [[ChromeDriver: chrome on WINDOWS (c9471286186c964f99c02f4ac2933495)] -> xpath: //button[@id='onetrust-accept-btn-handler']]
2022-01-06 15:46:28 INFO  PageBase: pages.PageBase :57 - Executing waitForElementTobeClickable command for the element: [[ChromeDriver: chrome on WINDOWS (c9471286186c964f99c02f4ac2933495)] -> xpath: //button[@id='onetrust-accept-btn-handler']]
2022-01-06 15:46:28 INFO  PageBase: pages.PageBase :60 - Waiting for the element:[[ChromeDriver: chrome on WINDOWS (c9471286186c964f99c02f4ac2933495)] -> xpath: //button[@id='onetrust-accept-btn-handler']] to be clickable
2022-01-06 15:46:28 INFO  PageBase: pages.PageBase :57 - Executing waitForElementTobeClickable command for the element: [[ChromeDriver: chrome on WINDOWS (c9471286186c964f99c02f4ac2933495)] -> xpath: //input[@id='name']]
2022-01-06 15:46:28 INFO  PageBase: pages.PageBase :60 - Waiting for the element:[[ChromeDriver: chrome on WINDOWS (c9471286186c964f99c02f4ac2933495)] -> xpath: //input[@id='name']] to be clickable
2022-01-06 15:46:28 INFO  PageBase: pages.PageBase :75 - Executing isElementPresent command on the element: [[ChromeDriver: chrome on WINDOWS (c9471286186c964f99c02f4ac2933495)] -> xpath: //input[@id='name']]
2022-01-06 15:46:28 INFO  PageBase: pages.PageBase :44 - Executing INPUT text command for the element:[[ChromeDriver: chrome on WINDOWS (c9471286186c964f99c02f4ac2933495)] -> xpath: //input[@id='name']] with value: Test usern!_2321
2022-01-06 15:46:28 INFO  PageBase: pages.PageBase :57 - Executing waitForElementTobeClickable command for the element: [[ChromeDriver: chrome on WINDOWS (c9471286186c964f99c02f4ac2933495)] -> xpath: //input[@id='name']]
2022-01-06 15:46:28 INFO  PageBase: pages.PageBase :60 - Waiting for the element:[[ChromeDriver: chrome on WINDOWS (c9471286186c964f99c02f4ac2933495)] -> xpath: //input[@id='name']] to be clickable
2022-01-06 15:46:28 INFO  PageBase: pages.PageBase :57 - Executing waitForElementTobeClickable command for the element: [[ChromeDriver: chrome on WINDOWS (c9471286186c964f99c02f4ac2933495)] -> xpath: //input[@id='email']]
2022-01-06 15:46:28 INFO  PageBase: pages.PageBase :60 - Waiting for the element:[[ChromeDriver: chrome on WINDOWS (c9471286186c964f99c02f4ac2933495)] -> xpath: //input[@id='email']] to be clickable
2022-01-06 15:46:28 INFO  PageBase: pages.PageBase :75 - Executing isElementPresent command on the element: [[ChromeDriver: chrome on WINDOWS (c9471286186c964f99c02f4ac2933495)] -> xpath: //input[@id='email']]
2022-01-06 15:46:28 INFO  PageBase: pages.PageBase :44 - Executing INPUT text command for the element:[[ChromeDriver: chrome on WINDOWS (c9471286186c964f99c02f4ac2933495)] -> xpath: //input[@id='email']] with value: Proper1112331@gmail.com
2022-01-06 15:46:28 INFO  PageBase: pages.PageBase :57 - Executing waitForElementTobeClickable command for the element: [[ChromeDriver: chrome on WINDOWS (c9471286186c964f99c02f4ac2933495)] -> xpath: //input[@id='email']]
2022-01-06 15:46:28 INFO  PageBase: pages.PageBase :60 - Waiting for the element:[[ChromeDriver: chrome on WINDOWS (c9471286186c964f99c02f4ac2933495)] -> xpath: //input[@id='email']] to be clickable
2022-01-06 15:46:28 INFO  PageBase: pages.PageBase :57 - Executing waitForElementTobeClickable command for the element: [[ChromeDriver: chrome on WINDOWS (c9471286186c964f99c02f4ac2933495)] -> xpath: //input[@id='password']]
2022-01-06 15:46:28 INFO  PageBase: pages.PageBase :60 - Waiting for the element:[[ChromeDriver: chrome on WINDOWS (c9471286186c964f99c02f4ac2933495)] -> xpath: //input[@id='password']] to be clickable
2022-01-06 15:46:29 INFO  PageBase: pages.PageBase :75 - Executing isElementPresent command on the element: [[ChromeDriver: chrome on WINDOWS (c9471286186c964f99c02f4ac2933495)] -> xpath: //input[@id='password']]
2022-01-06 15:46:29 INFO  PageBase: pages.PageBase :44 - Executing INPUT text command for the element:[[ChromeDriver: chrome on WINDOWS (c9471286186c964f99c02f4ac2933495)] -> xpath: //input[@id='password']] with value: 12345678
2022-01-06 15:46:29 INFO  PageBase: pages.PageBase :57 - Executing waitForElementTobeClickable command for the element: [[ChromeDriver: chrome on WINDOWS (c9471286186c964f99c02f4ac2933495)] -> xpath: //input[@id='password']]
2022-01-06 15:46:29 INFO  PageBase: pages.PageBase :60 - Waiting for the element:[[ChromeDriver: chrome on WINDOWS (c9471286186c964f99c02f4ac2933495)] -> xpath: //input[@id='password']] to be clickable
2022-01-06 15:46:29 INFO  PageBase: pages.PageBase :57 - Executing waitForElementTobeClickable command for the element: [[ChromeDriver: chrome on WINDOWS (c9471286186c964f99c02f4ac2933495)] -> xpath: //div[@class='signup__checkbox-wrap']//div[@class='mr-checkbox-1']//span[@class='mr-checkbox-1__wrap']//label[@class='mr-checkbox-1__check']]
2022-01-06 15:46:29 INFO  PageBase: pages.PageBase :60 - Waiting for the element:[[ChromeDriver: chrome on WINDOWS (c9471286186c964f99c02f4ac2933495)] -> xpath: //div[@class='signup__checkbox-wrap']//div[@class='mr-checkbox-1']//span[@class='mr-checkbox-1__wrap']//label[@class='mr-checkbox-1__check']] to be clickable
2022-01-06 15:46:29 INFO  PageBase: pages.PageBase :94 - Executing CLICK command on the element: [[ChromeDriver: chrome on WINDOWS (c9471286186c964f99c02f4ac2933495)] -> xpath: //div[@class='signup__checkbox-wrap']//div[@class='mr-checkbox-1']//span[@class='mr-checkbox-1__wrap']//label[@class='mr-checkbox-1__check']]
2022-01-06 15:46:29 INFO  PageBase: pages.PageBase :75 - Executing isElementPresent command on the element: [[ChromeDriver: chrome on WINDOWS (c9471286186c964f99c02f4ac2933495)] -> xpath: //div[@class='signup__checkbox-wrap']//div[@class='mr-checkbox-1']//span[@class='mr-checkbox-1__wrap']//label[@class='mr-checkbox-1__check']]
2022-01-06 15:46:29 INFO  PageBase: pages.PageBase :57 - Executing waitForElementTobeClickable command for the element: [[ChromeDriver: chrome on WINDOWS (c9471286186c964f99c02f4ac2933495)] -> xpath: //div[@class='signup__checkbox-wrap']//div[@class='mr-checkbox-1']//span[@class='mr-checkbox-1__wrap']//label[@class='mr-checkbox-1__check']]
2022-01-06 15:46:29 INFO  PageBase: pages.PageBase :60 - Waiting for the element:[[ChromeDriver: chrome on WINDOWS (c9471286186c964f99c02f4ac2933495)] -> xpath: //div[@class='signup__checkbox-wrap']//div[@class='mr-checkbox-1']//span[@class='mr-checkbox-1__wrap']//label[@class='mr-checkbox-1__check']] to be clickable
2022-01-06 15:46:29 INFO  PageBase: pages.PageBase :57 - Executing waitForElementTobeClickable command for the element: [[ChromeDriver: chrome on WINDOWS (c9471286186c964f99c02f4ac2933495)] -> xpath: //label[@class='mr-checkbox-1__check ']]
2022-01-06 15:46:29 INFO  PageBase: pages.PageBase :60 - Waiting for the element:[[ChromeDriver: chrome on WINDOWS (c9471286186c964f99c02f4ac2933495)] -> xpath: //label[@class='mr-checkbox-1__check ']] to be clickable
2022-01-06 15:46:29 INFO  PageBase: pages.PageBase :94 - Executing CLICK command on the element: [[ChromeDriver: chrome on WINDOWS (c9471286186c964f99c02f4ac2933495)] -> xpath: //label[@class='mr-checkbox-1__check ']]
2022-01-06 15:46:29 INFO  PageBase: pages.PageBase :75 - Executing isElementPresent command on the element: [[ChromeDriver: chrome on WINDOWS (c9471286186c964f99c02f4ac2933495)] -> xpath: //label[@class='mr-checkbox-1__check ']]
2022-01-06 15:46:29 INFO  PageBase: pages.PageBase :57 - Executing waitForElementTobeClickable command for the element: [[ChromeDriver: chrome on WINDOWS (c9471286186c964f99c02f4ac2933495)] -> xpath: //label[@class='mr-checkbox-1__check ']]
2022-01-06 15:46:29 INFO  PageBase: pages.PageBase :60 - Waiting for the element:[[ChromeDriver: chrome on WINDOWS (c9471286186c964f99c02f4ac2933495)] -> xpath: //label[@class='mr-checkbox-1__check ']] to be clickable
2022-01-06 15:46:29 INFO  PageBase: pages.PageBase :57 - Executing waitForElementTobeClickable command for the element: [[ChromeDriver: chrome on WINDOWS (c9471286186c964f99c02f4ac2933495)] -> xpath: //button[@type='submit']]
2022-01-06 15:46:29 INFO  PageBase: pages.PageBase :60 - Waiting for the element:[[ChromeDriver: chrome on WINDOWS (c9471286186c964f99c02f4ac2933495)] -> xpath: //button[@type='submit']] to be clickable
2022-01-06 15:46:29 INFO  PageBase: pages.PageBase :94 - Executing CLICK command on the element: [[ChromeDriver: chrome on WINDOWS (c9471286186c964f99c02f4ac2933495)] -> xpath: //button[@type='submit']]
2022-01-06 15:46:29 INFO  PageBase: pages.PageBase :75 - Executing isElementPresent command on the element: [[ChromeDriver: chrome on WINDOWS (c9471286186c964f99c02f4ac2933495)] -> xpath: //button[@type='submit']]
2022-01-06 15:46:29 INFO  PageBase: pages.PageBase :57 - Executing waitForElementTobeClickable command for the element: [[ChromeDriver: chrome on WINDOWS (c9471286186c964f99c02f4ac2933495)] -> xpath: //button[@type='submit']]
2022-01-06 15:46:29 INFO  PageBase: pages.PageBase :60 - Waiting for the element:[[ChromeDriver: chrome on WINDOWS (c9471286186c964f99c02f4ac2933495)] -> xpath: //button[@type='submit']] to be clickable
2022-01-06 15:46:32 INFO  PageBase: pages.PageBase :113 - Executing waitForPageToLoad command
2022-01-06 15:46:32 INFO  PageBase: pages.PageBase :114 - Waiting for the page to load completely
2022-01-06 15:46:32 INFO  PageBase: pages.PageBase :120 - Page is loaded completely
2022-01-06 15:46:36 INFO  PageBase: pages.PageBase :75 - Executing isElementPresent command on the element: Proxy element for: DefaultElementLocator 'By.xpath: //input[@id='code']'
]]></system-out>
    <system-err><![CDATA[Jan 06, 2022 3:46:23 PM com.relevantcodes.extentreports.ExtentReports loadConfig
WARNUNG: Unable to perform report configuration. The file C:\Users\a.khawaja\IdeaProjects\Miro\ReportsConfig.xml was not found.
[main] INFO io.github.bonigarcia.wdm.WebDriverManager - Using chromedriver 96.0.4664.45 (resolved driver for Chrome 96)
[main] INFO io.github.bonigarcia.wdm.WebDriverManager - Exporting webdriver.chrome.driver as C:\Users\a.khawaja\.cache\selenium\chromedriver\win32\96.0.4664.45\chromedriver.exe
Starting ChromeDriver 96.0.4664.45 (76e4c1bb2ab4671b8beba3444e61c0f17584b2fc-refs/branch-heads/4664@{#947}) on port 50359
Only local connections are allowed.
Please see https://chromedriver.chromium.org/security-considerations for suggestions on keeping ChromeDriver safe.
ChromeDriver was started successfully.
Jan 06, 2022 3:46:24 PM org.openqa.selenium.remote.ProtocolHandshake createSession
INFORMATION: Detected dialect: W3C
Jan 06, 2022 3:46:24 PM org.openqa.selenium.devtools.CdpVersionFinder findNearestMatch
WARNUNG: Unable to find an exact match for CDP version 96, so returning the closest version found: 95
Jan 06, 2022 3:46:24 PM org.openqa.selenium.devtools.CdpVersionFinder findNearestMatch
INFORMATION: Found CDP implementation for version 96 of 95
]]></system-err>
  </testcase>
  <testcase name="SignUpPage[{Username=Test username, Password=12345678, Description=German special characters with user name and password, Email=ProperProperEmaila1222!2_2@gmail.com}](3)" classname="tests.SignUpTest" time="12.85">
    <failure message="expected [true] but found [false]" type="java.lang.AssertionError"><![CDATA[java.lang.AssertionError: expected [true] but found [false]
	at tests.SignUpTest.SignUpPage(SignUpTest.java:28)
]]></failure>
    <system-out><![CDATA[2022-01-06 15:46:36 INFO  TestBase: BasePage.TestBase :140 - Running on Windows Operating System with chrome browser
2022-01-06 15:46:40 INFO  PageBase: pages.PageBase :57 - Executing waitForElementTobeClickable command for the element: [[ChromeDriver: chrome on WINDOWS (3f3dddb7c2b2f4b1a07642d35eb35bbf)] -> xpath: //button[@id='onetrust-accept-btn-handler']]
2022-01-06 15:46:40 INFO  PageBase: pages.PageBase :60 - Waiting for the element:[[ChromeDriver: chrome on WINDOWS (3f3dddb7c2b2f4b1a07642d35eb35bbf)] -> xpath: //button[@id='onetrust-accept-btn-handler']] to be clickable
2022-01-06 15:46:40 INFO  PageBase: pages.PageBase :75 - Executing isElementPresent command on the element: [[ChromeDriver: chrome on WINDOWS (3f3dddb7c2b2f4b1a07642d35eb35bbf)] -> xpath: //button[@id='onetrust-accept-btn-handler']]
2022-01-06 15:46:40 INFO  PageBase: pages.PageBase :94 - Executing CLICK command on the element: [[ChromeDriver: chrome on WINDOWS (3f3dddb7c2b2f4b1a07642d35eb35bbf)] -> xpath: //button[@id='onetrust-accept-btn-handler']]
2022-01-06 15:46:40 INFO  PageBase: pages.PageBase :75 - Executing isElementPresent command on the element: [[ChromeDriver: chrome on WINDOWS (3f3dddb7c2b2f4b1a07642d35eb35bbf)] -> xpath: //button[@id='onetrust-accept-btn-handler']]
2022-01-06 15:46:40 INFO  PageBase: pages.PageBase :57 - Executing waitForElementTobeClickable command for the element: [[ChromeDriver: chrome on WINDOWS (3f3dddb7c2b2f4b1a07642d35eb35bbf)] -> xpath: //button[@id='onetrust-accept-btn-handler']]
2022-01-06 15:46:40 INFO  PageBase: pages.PageBase :60 - Waiting for the element:[[ChromeDriver: chrome on WINDOWS (3f3dddb7c2b2f4b1a07642d35eb35bbf)] -> xpath: //button[@id='onetrust-accept-btn-handler']] to be clickable
2022-01-06 15:46:41 INFO  PageBase: pages.PageBase :57 - Executing waitForElementTobeClickable command for the element: [[ChromeDriver: chrome on WINDOWS (3f3dddb7c2b2f4b1a07642d35eb35bbf)] -> xpath: //input[@id='name']]
2022-01-06 15:46:41 INFO  PageBase: pages.PageBase :60 - Waiting for the element:[[ChromeDriver: chrome on WINDOWS (3f3dddb7c2b2f4b1a07642d35eb35bbf)] -> xpath: //input[@id='name']] to be clickable
2022-01-06 15:46:41 INFO  PageBase: pages.PageBase :75 - Executing isElementPresent command on the element: [[ChromeDriver: chrome on WINDOWS (3f3dddb7c2b2f4b1a07642d35eb35bbf)] -> xpath: //input[@id='name']]
2022-01-06 15:46:41 INFO  PageBase: pages.PageBase :44 - Executing INPUT text command for the element:[[ChromeDriver: chrome on WINDOWS (3f3dddb7c2b2f4b1a07642d35eb35bbf)] -> xpath: //input[@id='name']] with value: Test username
2022-01-06 15:46:41 INFO  PageBase: pages.PageBase :57 - Executing waitForElementTobeClickable command for the element: [[ChromeDriver: chrome on WINDOWS (3f3dddb7c2b2f4b1a07642d35eb35bbf)] -> xpath: //input[@id='name']]
2022-01-06 15:46:41 INFO  PageBase: pages.PageBase :60 - Waiting for the element:[[ChromeDriver: chrome on WINDOWS (3f3dddb7c2b2f4b1a07642d35eb35bbf)] -> xpath: //input[@id='name']] to be clickable
2022-01-06 15:46:41 INFO  PageBase: pages.PageBase :57 - Executing waitForElementTobeClickable command for the element: [[ChromeDriver: chrome on WINDOWS (3f3dddb7c2b2f4b1a07642d35eb35bbf)] -> xpath: //input[@id='email']]
2022-01-06 15:46:41 INFO  PageBase: pages.PageBase :60 - Waiting for the element:[[ChromeDriver: chrome on WINDOWS (3f3dddb7c2b2f4b1a07642d35eb35bbf)] -> xpath: //input[@id='email']] to be clickable
2022-01-06 15:46:41 INFO  PageBase: pages.PageBase :75 - Executing isElementPresent command on the element: [[ChromeDriver: chrome on WINDOWS (3f3dddb7c2b2f4b1a07642d35eb35bbf)] -> xpath: //input[@id='email']]
2022-01-06 15:46:41 INFO  PageBase: pages.PageBase :44 - Executing INPUT text command for the element:[[ChromeDriver: chrome on WINDOWS (3f3dddb7c2b2f4b1a07642d35eb35bbf)] -> xpath: //input[@id='email']] with value: ProperProperEmaila1222!2_2@gmail.com
2022-01-06 15:46:41 INFO  PageBase: pages.PageBase :57 - Executing waitForElementTobeClickable command for the element: [[ChromeDriver: chrome on WINDOWS (3f3dddb7c2b2f4b1a07642d35eb35bbf)] -> xpath: //input[@id='email']]
2022-01-06 15:46:41 INFO  PageBase: pages.PageBase :60 - Waiting for the element:[[ChromeDriver: chrome on WINDOWS (3f3dddb7c2b2f4b1a07642d35eb35bbf)] -> xpath: //input[@id='email']] to be clickable
2022-01-06 15:46:41 INFO  PageBase: pages.PageBase :57 - Executing waitForElementTobeClickable command for the element: [[ChromeDriver: chrome on WINDOWS (3f3dddb7c2b2f4b1a07642d35eb35bbf)] -> xpath: //input[@id='password']]
2022-01-06 15:46:41 INFO  PageBase: pages.PageBase :60 - Waiting for the element:[[ChromeDriver: chrome on WINDOWS (3f3dddb7c2b2f4b1a07642d35eb35bbf)] -> xpath: //input[@id='password']] to be clickable
2022-01-06 15:46:41 INFO  PageBase: pages.PageBase :75 - Executing isElementPresent command on the element: [[ChromeDriver: chrome on WINDOWS (3f3dddb7c2b2f4b1a07642d35eb35bbf)] -> xpath: //input[@id='password']]
2022-01-06 15:46:41 INFO  PageBase: pages.PageBase :44 - Executing INPUT text command for the element:[[ChromeDriver: chrome on WINDOWS (3f3dddb7c2b2f4b1a07642d35eb35bbf)] -> xpath: //input[@id='password']] with value: 12345678
2022-01-06 15:46:41 INFO  PageBase: pages.PageBase :57 - Executing waitForElementTobeClickable command for the element: [[ChromeDriver: chrome on WINDOWS (3f3dddb7c2b2f4b1a07642d35eb35bbf)] -> xpath: //input[@id='password']]
2022-01-06 15:46:41 INFO  PageBase: pages.PageBase :60 - Waiting for the element:[[ChromeDriver: chrome on WINDOWS (3f3dddb7c2b2f4b1a07642d35eb35bbf)] -> xpath: //input[@id='password']] to be clickable
2022-01-06 15:46:41 INFO  PageBase: pages.PageBase :57 - Executing waitForElementTobeClickable command for the element: [[ChromeDriver: chrome on WINDOWS (3f3dddb7c2b2f4b1a07642d35eb35bbf)] -> xpath: //div[@class='signup__checkbox-wrap']//div[@class='mr-checkbox-1']//span[@class='mr-checkbox-1__wrap']//label[@class='mr-checkbox-1__check']]
2022-01-06 15:46:41 INFO  PageBase: pages.PageBase :60 - Waiting for the element:[[ChromeDriver: chrome on WINDOWS (3f3dddb7c2b2f4b1a07642d35eb35bbf)] -> xpath: //div[@class='signup__checkbox-wrap']//div[@class='mr-checkbox-1']//span[@class='mr-checkbox-1__wrap']//label[@class='mr-checkbox-1__check']] to be clickable
2022-01-06 15:46:41 INFO  PageBase: pages.PageBase :94 - Executing CLICK command on the element: [[ChromeDriver: chrome on WINDOWS (3f3dddb7c2b2f4b1a07642d35eb35bbf)] -> xpath: //div[@class='signup__checkbox-wrap']//div[@class='mr-checkbox-1']//span[@class='mr-checkbox-1__wrap']//label[@class='mr-checkbox-1__check']]
2022-01-06 15:46:41 INFO  PageBase: pages.PageBase :75 - Executing isElementPresent command on the element: [[ChromeDriver: chrome on WINDOWS (3f3dddb7c2b2f4b1a07642d35eb35bbf)] -> xpath: //div[@class='signup__checkbox-wrap']//div[@class='mr-checkbox-1']//span[@class='mr-checkbox-1__wrap']//label[@class='mr-checkbox-1__check']]
2022-01-06 15:46:41 INFO  PageBase: pages.PageBase :57 - Executing waitForElementTobeClickable command for the element: [[ChromeDriver: chrome on WINDOWS (3f3dddb7c2b2f4b1a07642d35eb35bbf)] -> xpath: //div[@class='signup__checkbox-wrap']//div[@class='mr-checkbox-1']//span[@class='mr-checkbox-1__wrap']//label[@class='mr-checkbox-1__check']]
2022-01-06 15:46:41 INFO  PageBase: pages.PageBase :60 - Waiting for the element:[[ChromeDriver: chrome on WINDOWS (3f3dddb7c2b2f4b1a07642d35eb35bbf)] -> xpath: //div[@class='signup__checkbox-wrap']//div[@class='mr-checkbox-1']//span[@class='mr-checkbox-1__wrap']//label[@class='mr-checkbox-1__check']] to be clickable
2022-01-06 15:46:41 INFO  PageBase: pages.PageBase :57 - Executing waitForElementTobeClickable command for the element: [[ChromeDriver: chrome on WINDOWS (3f3dddb7c2b2f4b1a07642d35eb35bbf)] -> xpath: //label[@class='mr-checkbox-1__check ']]
2022-01-06 15:46:41 INFO  PageBase: pages.PageBase :60 - Waiting for the element:[[ChromeDriver: chrome on WINDOWS (3f3dddb7c2b2f4b1a07642d35eb35bbf)] -> xpath: //label[@class='mr-checkbox-1__check ']] to be clickable
2022-01-06 15:46:41 INFO  PageBase: pages.PageBase :94 - Executing CLICK command on the element: [[ChromeDriver: chrome on WINDOWS (3f3dddb7c2b2f4b1a07642d35eb35bbf)] -> xpath: //label[@class='mr-checkbox-1__check ']]
2022-01-06 15:46:41 INFO  PageBase: pages.PageBase :75 - Executing isElementPresent command on the element: [[ChromeDriver: chrome on WINDOWS (3f3dddb7c2b2f4b1a07642d35eb35bbf)] -> xpath: //label[@class='mr-checkbox-1__check ']]
2022-01-06 15:46:42 INFO  PageBase: pages.PageBase :57 - Executing waitForElementTobeClickable command for the element: [[ChromeDriver: chrome on WINDOWS (3f3dddb7c2b2f4b1a07642d35eb35bbf)] -> xpath: //label[@class='mr-checkbox-1__check ']]
2022-01-06 15:46:42 INFO  PageBase: pages.PageBase :60 - Waiting for the element:[[ChromeDriver: chrome on WINDOWS (3f3dddb7c2b2f4b1a07642d35eb35bbf)] -> xpath: //label[@class='mr-checkbox-1__check ']] to be clickable
2022-01-06 15:46:42 INFO  PageBase: pages.PageBase :57 - Executing waitForElementTobeClickable command for the element: [[ChromeDriver: chrome on WINDOWS (3f3dddb7c2b2f4b1a07642d35eb35bbf)] -> xpath: //button[@type='submit']]
2022-01-06 15:46:42 INFO  PageBase: pages.PageBase :60 - Waiting for the element:[[ChromeDriver: chrome on WINDOWS (3f3dddb7c2b2f4b1a07642d35eb35bbf)] -> xpath: //button[@type='submit']] to be clickable
2022-01-06 15:46:42 INFO  PageBase: pages.PageBase :94 - Executing CLICK command on the element: [[ChromeDriver: chrome on WINDOWS (3f3dddb7c2b2f4b1a07642d35eb35bbf)] -> xpath: //button[@type='submit']]
2022-01-06 15:46:42 INFO  PageBase: pages.PageBase :75 - Executing isElementPresent command on the element: [[ChromeDriver: chrome on WINDOWS (3f3dddb7c2b2f4b1a07642d35eb35bbf)] -> xpath: //button[@type='submit']]
2022-01-06 15:46:42 INFO  PageBase: pages.PageBase :57 - Executing waitForElementTobeClickable command for the element: [[ChromeDriver: chrome on WINDOWS (3f3dddb7c2b2f4b1a07642d35eb35bbf)] -> xpath: //button[@type='submit']]
2022-01-06 15:46:42 INFO  PageBase: pages.PageBase :60 - Waiting for the element:[[ChromeDriver: chrome on WINDOWS (3f3dddb7c2b2f4b1a07642d35eb35bbf)] -> xpath: //button[@type='submit']] to be clickable
2022-01-06 15:46:44 INFO  PageBase: pages.PageBase :113 - Executing waitForPageToLoad command
2022-01-06 15:46:44 INFO  PageBase: pages.PageBase :114 - Waiting for the page to load completely
2022-01-06 15:46:44 INFO  PageBase: pages.PageBase :120 - Page is loaded completely
2022-01-06 15:46:48 INFO  PageBase: pages.PageBase :75 - Executing isElementPresent command on the element: Proxy element for: DefaultElementLocator 'By.xpath: //input[@id='code']'
]]></system-out>
    <system-err><![CDATA[Jan 06, 2022 3:46:36 PM com.relevantcodes.extentreports.ExtentReports loadConfig
WARNUNG: Unable to perform report configuration. The file C:\Users\a.khawaja\IdeaProjects\Miro\ReportsConfig.xml was not found.
[main] INFO io.github.bonigarcia.wdm.WebDriverManager - Using chromedriver 96.0.4664.45 (resolved driver for Chrome 96)
[main] INFO io.github.bonigarcia.wdm.WebDriverManager - Exporting webdriver.chrome.driver as C:\Users\a.khawaja\.cache\selenium\chromedriver\win32\96.0.4664.45\chromedriver.exe
Starting ChromeDriver 96.0.4664.45 (76e4c1bb2ab4671b8beba3444e61c0f17584b2fc-refs/branch-heads/4664@{#947}) on port 58860
Only local connections are allowed.
Please see https://chromedriver.chromium.org/security-considerations for suggestions on keeping ChromeDriver safe.
ChromeDriver was started successfully.
Jan 06, 2022 3:46:37 PM org.openqa.selenium.remote.ProtocolHandshake createSession
INFORMATION: Detected dialect: W3C
Jan 06, 2022 3:46:37 PM org.openqa.selenium.devtools.CdpVersionFinder findNearestMatch
WARNUNG: Unable to find an exact match for CDP version 96, so returning the closest version found: 95
Jan 06, 2022 3:46:37 PM org.openqa.selenium.devtools.CdpVersionFinder findNearestMatch
INFORMATION: Found CDP implementation for version 96 of 95
]]></system-err>
  </testcase>
  <testcase name="SignUpPage[{Username=Test username, Password=12345678, Description=Not signing up for updates, Email=EmailEmail191@gmail.com}](4)" classname="tests.SignUpTest" time="13.387">
    <failure message="expected [true] but found [false]" type="java.lang.AssertionError"><![CDATA[java.lang.AssertionError: expected [true] but found [false]
	at tests.SignUpTest.SignUpPage(SignUpTest.java:28)
]]></failure>
    <system-out><![CDATA[2022-01-06 15:46:48 INFO  TestBase: BasePage.TestBase :140 - Running on Windows Operating System with chrome browser
2022-01-06 15:46:54 INFO  PageBase: pages.PageBase :57 - Executing waitForElementTobeClickable command for the element: [[ChromeDriver: chrome on WINDOWS (c6db14c318d0341e75bbc73d7a251c4b)] -> xpath: //button[@id='onetrust-accept-btn-handler']]
2022-01-06 15:46:54 INFO  PageBase: pages.PageBase :60 - Waiting for the element:[[ChromeDriver: chrome on WINDOWS (c6db14c318d0341e75bbc73d7a251c4b)] -> xpath: //button[@id='onetrust-accept-btn-handler']] to be clickable
2022-01-06 15:46:54 INFO  PageBase: pages.PageBase :75 - Executing isElementPresent command on the element: [[ChromeDriver: chrome on WINDOWS (c6db14c318d0341e75bbc73d7a251c4b)] -> xpath: //button[@id='onetrust-accept-btn-handler']]
2022-01-06 15:46:54 INFO  PageBase: pages.PageBase :94 - Executing CLICK command on the element: [[ChromeDriver: chrome on WINDOWS (c6db14c318d0341e75bbc73d7a251c4b)] -> xpath: //button[@id='onetrust-accept-btn-handler']]
2022-01-06 15:46:54 INFO  PageBase: pages.PageBase :75 - Executing isElementPresent command on the element: [[ChromeDriver: chrome on WINDOWS (c6db14c318d0341e75bbc73d7a251c4b)] -> xpath: //button[@id='onetrust-accept-btn-handler']]
2022-01-06 15:46:54 INFO  PageBase: pages.PageBase :57 - Executing waitForElementTobeClickable command for the element: [[ChromeDriver: chrome on WINDOWS (c6db14c318d0341e75bbc73d7a251c4b)] -> xpath: //button[@id='onetrust-accept-btn-handler']]
2022-01-06 15:46:54 INFO  PageBase: pages.PageBase :60 - Waiting for the element:[[ChromeDriver: chrome on WINDOWS (c6db14c318d0341e75bbc73d7a251c4b)] -> xpath: //button[@id='onetrust-accept-btn-handler']] to be clickable
2022-01-06 15:46:54 INFO  PageBase: pages.PageBase :57 - Executing waitForElementTobeClickable command for the element: [[ChromeDriver: chrome on WINDOWS (c6db14c318d0341e75bbc73d7a251c4b)] -> xpath: //input[@id='name']]
2022-01-06 15:46:54 INFO  PageBase: pages.PageBase :60 - Waiting for the element:[[ChromeDriver: chrome on WINDOWS (c6db14c318d0341e75bbc73d7a251c4b)] -> xpath: //input[@id='name']] to be clickable
2022-01-06 15:46:54 INFO  PageBase: pages.PageBase :75 - Executing isElementPresent command on the element: [[ChromeDriver: chrome on WINDOWS (c6db14c318d0341e75bbc73d7a251c4b)] -> xpath: //input[@id='name']]
2022-01-06 15:46:54 INFO  PageBase: pages.PageBase :44 - Executing INPUT text command for the element:[[ChromeDriver: chrome on WINDOWS (c6db14c318d0341e75bbc73d7a251c4b)] -> xpath: //input[@id='name']] with value: Test username
2022-01-06 15:46:54 INFO  PageBase: pages.PageBase :57 - Executing waitForElementTobeClickable command for the element: [[ChromeDriver: chrome on WINDOWS (c6db14c318d0341e75bbc73d7a251c4b)] -> xpath: //input[@id='name']]
2022-01-06 15:46:54 INFO  PageBase: pages.PageBase :60 - Waiting for the element:[[ChromeDriver: chrome on WINDOWS (c6db14c318d0341e75bbc73d7a251c4b)] -> xpath: //input[@id='name']] to be clickable
2022-01-06 15:46:54 INFO  PageBase: pages.PageBase :57 - Executing waitForElementTobeClickable command for the element: [[ChromeDriver: chrome on WINDOWS (c6db14c318d0341e75bbc73d7a251c4b)] -> xpath: //input[@id='email']]
2022-01-06 15:46:54 INFO  PageBase: pages.PageBase :60 - Waiting for the element:[[ChromeDriver: chrome on WINDOWS (c6db14c318d0341e75bbc73d7a251c4b)] -> xpath: //input[@id='email']] to be clickable
2022-01-06 15:46:54 INFO  PageBase: pages.PageBase :75 - Executing isElementPresent command on the element: [[ChromeDriver: chrome on WINDOWS (c6db14c318d0341e75bbc73d7a251c4b)] -> xpath: //input[@id='email']]
2022-01-06 15:46:54 INFO  PageBase: pages.PageBase :44 - Executing INPUT text command for the element:[[ChromeDriver: chrome on WINDOWS (c6db14c318d0341e75bbc73d7a251c4b)] -> xpath: //input[@id='email']] with value: EmailEmail191@gmail.com
2022-01-06 15:46:54 INFO  PageBase: pages.PageBase :57 - Executing waitForElementTobeClickable command for the element: [[ChromeDriver: chrome on WINDOWS (c6db14c318d0341e75bbc73d7a251c4b)] -> xpath: //input[@id='email']]
2022-01-06 15:46:54 INFO  PageBase: pages.PageBase :60 - Waiting for the element:[[ChromeDriver: chrome on WINDOWS (c6db14c318d0341e75bbc73d7a251c4b)] -> xpath: //input[@id='email']] to be clickable
2022-01-06 15:46:54 INFO  PageBase: pages.PageBase :57 - Executing waitForElementTobeClickable command for the element: [[ChromeDriver: chrome on WINDOWS (c6db14c318d0341e75bbc73d7a251c4b)] -> xpath: //input[@id='password']]
2022-01-06 15:46:54 INFO  PageBase: pages.PageBase :60 - Waiting for the element:[[ChromeDriver: chrome on WINDOWS (c6db14c318d0341e75bbc73d7a251c4b)] -> xpath: //input[@id='password']] to be clickable
2022-01-06 15:46:54 INFO  PageBase: pages.PageBase :75 - Executing isElementPresent command on the element: [[ChromeDriver: chrome on WINDOWS (c6db14c318d0341e75bbc73d7a251c4b)] -> xpath: //input[@id='password']]
2022-01-06 15:46:54 INFO  PageBase: pages.PageBase :44 - Executing INPUT text command for the element:[[ChromeDriver: chrome on WINDOWS (c6db14c318d0341e75bbc73d7a251c4b)] -> xpath: //input[@id='password']] with value: 12345678
2022-01-06 15:46:54 INFO  PageBase: pages.PageBase :57 - Executing waitForElementTobeClickable command for the element: [[ChromeDriver: chrome on WINDOWS (c6db14c318d0341e75bbc73d7a251c4b)] -> xpath: //input[@id='password']]
2022-01-06 15:46:54 INFO  PageBase: pages.PageBase :60 - Waiting for the element:[[ChromeDriver: chrome on WINDOWS (c6db14c318d0341e75bbc73d7a251c4b)] -> xpath: //input[@id='password']] to be clickable
2022-01-06 15:46:54 INFO  PageBase: pages.PageBase :57 - Executing waitForElementTobeClickable command for the element: [[ChromeDriver: chrome on WINDOWS (c6db14c318d0341e75bbc73d7a251c4b)] -> xpath: //div[@class='signup__checkbox-wrap']//div[@class='mr-checkbox-1']//span[@class='mr-checkbox-1__wrap']//label[@class='mr-checkbox-1__check']]
2022-01-06 15:46:54 INFO  PageBase: pages.PageBase :60 - Waiting for the element:[[ChromeDriver: chrome on WINDOWS (c6db14c318d0341e75bbc73d7a251c4b)] -> xpath: //div[@class='signup__checkbox-wrap']//div[@class='mr-checkbox-1']//span[@class='mr-checkbox-1__wrap']//label[@class='mr-checkbox-1__check']] to be clickable
2022-01-06 15:46:54 INFO  PageBase: pages.PageBase :94 - Executing CLICK command on the element: [[ChromeDriver: chrome on WINDOWS (c6db14c318d0341e75bbc73d7a251c4b)] -> xpath: //div[@class='signup__checkbox-wrap']//div[@class='mr-checkbox-1']//span[@class='mr-checkbox-1__wrap']//label[@class='mr-checkbox-1__check']]
2022-01-06 15:46:54 INFO  PageBase: pages.PageBase :75 - Executing isElementPresent command on the element: [[ChromeDriver: chrome on WINDOWS (c6db14c318d0341e75bbc73d7a251c4b)] -> xpath: //div[@class='signup__checkbox-wrap']//div[@class='mr-checkbox-1']//span[@class='mr-checkbox-1__wrap']//label[@class='mr-checkbox-1__check']]
2022-01-06 15:46:54 INFO  PageBase: pages.PageBase :57 - Executing waitForElementTobeClickable command for the element: [[ChromeDriver: chrome on WINDOWS (c6db14c318d0341e75bbc73d7a251c4b)] -> xpath: //div[@class='signup__checkbox-wrap']//div[@class='mr-checkbox-1']//span[@class='mr-checkbox-1__wrap']//label[@class='mr-checkbox-1__check']]
2022-01-06 15:46:55 INFO  PageBase: pages.PageBase :60 - Waiting for the element:[[ChromeDriver: chrome on WINDOWS (c6db14c318d0341e75bbc73d7a251c4b)] -> xpath: //div[@class='signup__checkbox-wrap']//div[@class='mr-checkbox-1']//span[@class='mr-checkbox-1__wrap']//label[@class='mr-checkbox-1__check']] to be clickable
2022-01-06 15:46:55 INFO  PageBase: pages.PageBase :57 - Executing waitForElementTobeClickable command for the element: [[ChromeDriver: chrome on WINDOWS (c6db14c318d0341e75bbc73d7a251c4b)] -> xpath: //label[@class='mr-checkbox-1__check ']]
2022-01-06 15:46:55 INFO  PageBase: pages.PageBase :60 - Waiting for the element:[[ChromeDriver: chrome on WINDOWS (c6db14c318d0341e75bbc73d7a251c4b)] -> xpath: //label[@class='mr-checkbox-1__check ']] to be clickable
2022-01-06 15:46:55 INFO  PageBase: pages.PageBase :94 - Executing CLICK command on the element: [[ChromeDriver: chrome on WINDOWS (c6db14c318d0341e75bbc73d7a251c4b)] -> xpath: //label[@class='mr-checkbox-1__check ']]
2022-01-06 15:46:55 INFO  PageBase: pages.PageBase :75 - Executing isElementPresent command on the element: [[ChromeDriver: chrome on WINDOWS (c6db14c318d0341e75bbc73d7a251c4b)] -> xpath: //label[@class='mr-checkbox-1__check ']]
2022-01-06 15:46:55 INFO  PageBase: pages.PageBase :57 - Executing waitForElementTobeClickable command for the element: [[ChromeDriver: chrome on WINDOWS (c6db14c318d0341e75bbc73d7a251c4b)] -> xpath: //label[@class='mr-checkbox-1__check ']]
2022-01-06 15:46:55 INFO  PageBase: pages.PageBase :60 - Waiting for the element:[[ChromeDriver: chrome on WINDOWS (c6db14c318d0341e75bbc73d7a251c4b)] -> xpath: //label[@class='mr-checkbox-1__check ']] to be clickable
2022-01-06 15:46:55 INFO  PageBase: pages.PageBase :57 - Executing waitForElementTobeClickable command for the element: [[ChromeDriver: chrome on WINDOWS (c6db14c318d0341e75bbc73d7a251c4b)] -> xpath: //button[@type='submit']]
2022-01-06 15:46:55 INFO  PageBase: pages.PageBase :60 - Waiting for the element:[[ChromeDriver: chrome on WINDOWS (c6db14c318d0341e75bbc73d7a251c4b)] -> xpath: //button[@type='submit']] to be clickable
2022-01-06 15:46:55 INFO  PageBase: pages.PageBase :94 - Executing CLICK command on the element: [[ChromeDriver: chrome on WINDOWS (c6db14c318d0341e75bbc73d7a251c4b)] -> xpath: //button[@type='submit']]
2022-01-06 15:46:55 INFO  PageBase: pages.PageBase :75 - Executing isElementPresent command on the element: [[ChromeDriver: chrome on WINDOWS (c6db14c318d0341e75bbc73d7a251c4b)] -> xpath: //button[@type='submit']]
2022-01-06 15:46:55 INFO  PageBase: pages.PageBase :57 - Executing waitForElementTobeClickable command for the element: [[ChromeDriver: chrome on WINDOWS (c6db14c318d0341e75bbc73d7a251c4b)] -> xpath: //button[@type='submit']]
2022-01-06 15:46:55 INFO  PageBase: pages.PageBase :60 - Waiting for the element:[[ChromeDriver: chrome on WINDOWS (c6db14c318d0341e75bbc73d7a251c4b)] -> xpath: //button[@type='submit']] to be clickable
2022-01-06 15:46:58 INFO  PageBase: pages.PageBase :113 - Executing waitForPageToLoad command
2022-01-06 15:46:58 INFO  PageBase: pages.PageBase :114 - Waiting for the page to load completely
2022-01-06 15:46:58 INFO  PageBase: pages.PageBase :120 - Page is loaded completely
2022-01-06 15:47:02 INFO  PageBase: pages.PageBase :75 - Executing isElementPresent command on the element: Proxy element for: DefaultElementLocator 'By.xpath: //input[@id='code']'
]]></system-out>
    <system-err><![CDATA[Jan 06, 2022 3:46:48 PM com.relevantcodes.extentreports.ExtentReports loadConfig
WARNUNG: Unable to perform report configuration. The file C:\Users\a.khawaja\IdeaProjects\Miro\ReportsConfig.xml was not found.
[main] INFO io.github.bonigarcia.wdm.WebDriverManager - Using chromedriver 96.0.4664.45 (resolved driver for Chrome 96)
[main] INFO io.github.bonigarcia.wdm.WebDriverManager - Exporting webdriver.chrome.driver as C:\Users\a.khawaja\.cache\selenium\chromedriver\win32\96.0.4664.45\chromedriver.exe
Starting ChromeDriver 96.0.4664.45 (76e4c1bb2ab4671b8beba3444e61c0f17584b2fc-refs/branch-heads/4664@{#947}) on port 51696
Only local connections are allowed.
Please see https://chromedriver.chromium.org/security-considerations for suggestions on keeping ChromeDriver safe.
ChromeDriver was started successfully.
Jan 06, 2022 3:46:50 PM org.openqa.selenium.remote.ProtocolHandshake createSession
INFORMATION: Detected dialect: W3C
Jan 06, 2022 3:46:50 PM org.openqa.selenium.devtools.CdpVersionFinder findNearestMatch
WARNUNG: Unable to find an exact match for CDP version 96, so returning the closest version found: 95
Jan 06, 2022 3:46:50 PM org.openqa.selenium.devtools.CdpVersionFinder findNearestMatch
INFORMATION: Found CDP implementation for version 96 of 95
]]></system-err>
  </testcase>
</testsuite>